兵团卫视,http://hlsztemgsplive.miguvideo.com:8080/migu/kailu/btws/51/20250804/index.m3u8?msisdn=20260122112437f48daa8d0e2e4f56b52b1f6ba9ad9dcf&mdspid=&spid=600697&netType=4&sid=5910022192&pid=2028597139&timestamp=20260122112437&Channel_ID=0116_2600001300-99000-201600010012767&ProgramID=956923145&ParentNodeID=-99&assertID=5910022192&client_ip=36.134.130.239&SecurityKey=20260122112437&promotionId=&mvid=5900006716&mcid=500020&playurlVersion=WX-A1-9.1.1.1-RELEASE&userid=&jmhm=&videocodec=h264&appCode=miguvideo_android&bean=mgspad&tid=android&conFee=0&encrypt=079a5563c3d5fb3fac38a65362688c5d
广东少儿,http://120.238.85.131:9901/tsfile/live/1018_1.m3u8?key=txiptv&playlive=0&authid=0
广东影视,http://120.238.85.131:9901/tsfile/live/1017_1.m3u8?key=txiptv&playlive=0&authid=0
嵊州综合,http://l.cztvcloud.com/channels/lantian/SXshengzhou1/720p.m3u8
新昌综合,http://l.cztvcloud.com/channels/lantian/SXxinchang1/720p.m3u8
萧山综合,http://l.cztvcloud.com/channels/lantian/SXxiaoshan1/720p.m3u8
庆元电视台,http://l.cztvcloud.com/channels/lantian/SXqingyuan1/720p.m3u8
龙泉电视台,http://l.cztvcloud.com/channels/lantian/SXlongquan1/720p.m3u8
南京新闻综合,http://nklive.nbs.cn/hls/d511bc9d-a694-4453-b3a2-4fc842cc97a1/index.m3u8
南京教科,http://nklive.nbs.cn/hls/75b3c462-b831-4de7-a34b-5d3221db2069/index.m3u8
南京文旅纪录,http://nklive.nbs.cn/hls/9b2005c4-046c-422f-ba45-e6adc4f4de07/index.m3u8
南京十八生活,http://nklive.nbs.cn/hls/1173a815-bfdb-4c3c-9f73-89ec37ae7716/index.m3u8
南京少儿,http://nklive.nbs.cn/hls/e0981f3f-1a20-4a59-b8d1-17feb83a4610/index.m3u8
无锡新闻综合,http://stream.thmz.com/wxtv1/sd/live.m3u8
无锡都市资讯,http://stream.thmz.com/wxtv3/sd/live.m3u8
无锡生活,http://stream.thmz.com/wxtv4/sd/live.m3u8
无锡娱乐,http://stream.thmz.com/wxtv2/sd/live.m3u8
无锡经济,http://stream.thmz.com/wxtv5/sd/live.m3u8
哈尔滨新闻综合,https://stream.hrbtv.net/xwzh/sd/live.m3u8
哈尔滨新闻综合,http://stream.hrbtv.net/xwzh/sd/live.m3u8
哈尔滨生活,https://stream.hrbtv.net/shpd/sd/live.m3u8
哈尔滨生活,http://stream.hrbtv.net/shpd/sd/live.m3u8
哈尔滨资讯,https://stream.hrbtv.net/zxpd/sd/live.m3u8
哈尔滨娱乐,http://stream.hrbtv.net/ylpd/sd/live.m3u8
哈尔滨影视,https://stream.hrbtv.net/yspd/sd/live.m3u8
哈尔滨影视,http://stream.hrbtv.net/yspd/sd/live.m3u8
崇仁电视台,http://play-a2.quklive.com/live/1744277411242065.m3u8
崇仁电视台,http://play-a2.quklive.com/live/1744277411242065.flv
宁都综合,http://play-a2.quklive.com/live/1749084198822069.m3u8
宁都综合,http://play-a2.quklive.com/live/1749084198822069.flv
万载电视台1,http://play-a2.quklive.com/live/1739162440932308.m3u8
万载电视台1,http://play-a2.quklive.com/live/1739162440932308.flv
广丰电视台,https://play-a2.quklive.com/live/1754033359790055.m3u8
广丰电视台,https://play-a2.quklive.com/live/1754033359790055.flv
陕西新闻资讯,http://gxlive.snrtv.com/sx1-SD.m3u8
陕西都市青春,http://gxlive.snrtv.com/sx2-SD.m3u8
陕西银龄,http://gxlive.snrtv.com/sx3-SD.m3u8
陕西秦腔,http://gxlive.snrtv.com/sx5-SD.m3u8
陕西体育休闲,http://gxlive.snrtv.com/sx7-SD.m3u8
农林卫视,http://gxlive.snrtv.com/nlws-SD.m3u8
陕西西部电影,http://gxlive.snrtv.com/sx8-SD.m3u8
泸州3,http://m3u8.channel.luzhoubs.com/nmip-media/channellive/channel103074/playlist.m3u8
文山综合,http://m3u8.channel.wsrtv.com.cn/cms/videos/nmip-media/channellive/channel7/playlist.m3u8
腾冲综合,http://live.ynurl.com/video/s10012-TCTV/index.m3u8
文山市电视台,http://m3u8.channel.wsrtv.com.cn/cms/videos/nmip-media/channellive/channel17/playlist.m3u8
砚山县电视台,http://live.ynurl.com/video/s10020-ystv-zb/index.m3u8
砚山县电视台,http://m3u8.channel.wsrtv.com.cn/cms/videos/nmip-media/channellive/channel16/playlist.m3u8
西畴县电视台,http://m3u8.channel.wsrtv.com.cn/cms/videos/nmip-media/channellive/channel11/playlist.m3u8
西畴县电视台,http://live.ynurl.com/video/s10060-XCTV/index.m3u8
马关县电视台,http://live.ynurl.com/video/s10046-001/index.m3u8
麻栗坡电视台,http://m3u8.channel.wsrtv.com.cn/cms/videos/nmip-media/channellive/channel18/playlist.m3u8
丘北县电视台,http://m3u8.channel.wsrtv.com.cn/cms/videos/nmip-media/channellive/channel14/playlist.m3u8
广南县电视台,http://m3u8.channel.wsrtv.com.cn/cms/videos/nmip-media/channellive/channel19/playlist.m3u8
广南县电视台,http://live.ynurl.com/video/s10031-gnxgbds/index.m3u8
芒市综合,http://live.ynurl.com/video/s10001-mstv1/index.m3u8
盈江综合,http://live.ynurl.com/video/s10016-yjtv1hd/index.m3u8
开远综合,http://live.ynurl.com/video/s10044-KYTV/index.m3u8
绿春综合,http://live.ynurl.com/video/s10042-LCTV/index.m3u8
施甸综合,http://live.ynurl.com/video/s10048-SDTV/index.m3u8
金平综合,http://live.ynurl.com/video/s10041-JPTV/index.m3u8
建水综合,http://live.ynurl.com/video/s10045-JSTV/index.m3u8
石屏综合,http://live.ynurl.com/video/s10059-SPTV/index.m3u8
蒙自电视台,http://live.ynurl.com/video/s10019-mzdst/index.m3u8
昌宁县电视台,http://live.ynurl.com/video/s10047-cntv/index.m3u8
保定1,http://jwcdnqx.hebyun.com.cn/live/jybd/1500k/tzwj_video.m3u8
保定2,http://jwcdnqx.hebyun.com.cn/live/bdxw1/1500k/tzwj_video.m3u8
保定3,http://jwcdnqx.hebyun.com.cn/live/bddst/1500k/tzwj_video.m3u8
邯郸新闻,https://jwcdnqx.hebyun.com.cn/live/hdxwzh/1500k/tzwj_video.m3u8
邯郸公共,https://jwcdnqx.hebyun.com.cn/live/hdgg/1500k/tzwj_video.m3u8
邯郸科教,https://jwcdnqx.hebyun.com.cn/live/hdkj/1500k/tzwj_video.m3u8
兴隆综合,https://jwcdnqx.hebyun.com.cn/live/xlzh/1500k/tzwj_video.m3u8
兴隆影视,https://jwcdnqx.hebyun.com.cn/live/xlys/1500k/tzwj_video.m3u8
兴隆影视,https://jwcdnqx.hebyun.com.cn/live/xlys/1500k/tzwj_video.m3u8
迁西综合,https://jwcdnqx.hebyun.com.cn/live/qxzhpd/1500k/tzwj_video.m3u8
迁西农业,https://jwcdnqx.hebyun.com.cn/live/qxny/1500k/tzwj_video.m3u8
青县综合,http://jwcdnqx.hebyun.com.cn/live/qxtvlive1/1500k/tzwj_video.m3u8
海峡卫视,http://hlsztemgsplive.miguvideo.com:8080/migu/kailu/haixiaws/51/20230724/index.m3u8?msisdn=20260122112406203314d98fbe48a4923985de8e6c4c1a&mdspid=&spid=600717&netType=4&sid=5910022183&pid=2028597139&timestamp=20260122112406&Channel_ID=0116_2600001300-99000-201600010012766&ProgramID=849119120&ParentNodeID=-99&assertID=5910022183&client_ip=36.134.130.239&SecurityKey=20260122112406&promotionId=&mvid=5900006231&mcid=500020&playurlVersion=WX-A1-9.1.1.1-RELEASE&userid=&jmhm=&videocodec=h264&appCode=miguvideo_android&bean=mgspad&tid=android&conFee=0&encrypt=934e678ceffb2b4752d685b6fb473395
济源综合,http://tvpull.dxhmt.cn:9081/tv/19001-1.m3u8
济源综合,http://live.dxhmt.cn:9081/tv/19001-1.m3u8
兰考综合,http://tvpull.dxhmt.cn:9081/tv/10225-1.m3u8
兰考综合,http://live.dxhmt.cn:9081/tv/10225-1.m3u8
伊川综合,http://tvpull.dxhmt.cn:9081/tv/10329-1.m3u8
伊川综合,http://live.dxhmt.cn:9081/tv/10329-1.m3u8
长垣综合,http://tvpull.dxhmt.cn:9081/tv/10728-1.m3u8
长垣综合,http://live.dxhmt.cn:9081/tv/10728-1.m3u8
开封新闻,http://tvpull.dxhmt.cn:9081/tv/10200-2.m3u8
开封新闻,http://live.dxhmt.cn:9081/tv/10200-2.m3u8
开封文化旅游,http://tvpull.dxhmt.cn:9081/tv/10200-3.m3u8
开封文化旅游,http://live.dxhmt.cn:9081/tv/10200-3.m3u8
内黄综合,http://tvpull.dxhmt.cn:9081/tv/10527-1.m3u8
内黄综合,http://live.dxhmt.cn:9081/tv/10527-1.m3u8
新县电视台,http://tvpull.dxhmt.cn:9081/tv/11523-1.m3u8
新县电视台,http://live.dxhmt.cn:9081/tv/11523-1.m3u8
淇县电视台,http://tvpull.dxhmt.cn:9081/tv/10622-1.m3u8
淇县电视台,http://live.dxhmt.cn:9081/tv/10622-1.m3u8
汤阴综合,http://tvpull.dxhmt.cn:9081/tv/10523-1.m3u8
汤阴综合,http://live.dxhmt.cn:9081/tv/10523-1.m3u8
新乡县综合,http://tvpull.dxhmt.cn:9081/tv/10721-1.m3u8
新乡县综合,http://live.dxhmt.cn:9081/tv/10721-1.m3u8
舞钢综合,http://tvpull.dxhmt.cn:9081/tv/10481-1.m3u8
舞钢综合,http://live.dxhmt.cn:9081/tv/10481-1.m3u8
灵宝新闻综合,http://tvpull.dxhmt.cn:9081/tv/11282-1.m3u8
灵宝新闻综合,http://live.dxhmt.cn:9081/tv/11282-1.m3u8
淮滨综合,http://tvpull.dxhmt.cn:9081/tv/11527-1.m3u8
淮滨综合,http://live.dxhmt.cn:9081/tv/11527-1.m3u8
光山综合,http://tvpull.dxhmt.cn:9081/tv/11522-1.m3u8
光山综合,http://live.dxhmt.cn:9081/tv/11522-1.m3u8
滑县TV1,http://tvpull.dxhmt.cn:9081/tv/10526-1.m3u8
滑县TV1,http://live.dxhmt.cn:9081/tv/10526-1.m3u8
滑县TV2,http://tvpull.dxhmt.cn:9081/tv/10526-2.m3u8
滑县TV2,http://live.dxhmt.cn:9081/tv/10526-2.m3u8
清丰电视台,http://tvpull.dxhmt.cn:9081/tv/10922-1.m3u8
清丰电视台,http://live.dxhmt.cn:9081/tv/10922-1.m3u8
通许综合,http://tvpull.dxhmt.cn:9081/tv/10222-1.m3u8
通许综合,http://live.dxhmt.cn:9081/tv/10222-1.m3u8
沈丘新闻综合,http://tvpull.dxhmt.cn:9081/tv/11624-1.m3u8
沈丘新闻综合,http://live.dxhmt.cn:9081/tv/11624-1.m3u8
桐柏新闻综合,http://tvpull.dxhmt.cn:9081/tv/11330-1.m3u8
桐柏新闻综合,http://live.dxhmt.cn:9081/tv/11330-1.m3u8
夏邑综合,http://tvpull.dxhmt.cn:9081/tv/11426-1.m3u8
夏邑综合,http://live.dxhmt.cn:9081/tv/11426-1.m3u8
平兴新闻综合,http://tvpull.dxhmt.cn:9081/tv/11723-1.m3u8
平兴新闻综合,http://live.dxhmt.cn:9081/tv/11723-1.m3u8
偃师新闻,http://tvpull.dxhmt.cn:9081/tv/10381-1.m3u8
偃师新闻,http://live.dxhmt.cn:9081/tv/10381-1.m3u8
上街电视台,http://tvpull.dxhmt.cn:9081/tv/10106-1.m3u8
上街电视台,http://live.dxhmt.cn:9081/tv/10106-1.m3u8
沁阳新闻综合,http://tvpull.dxhmt.cn:9081/tv/10882-1.m3u8
沁阳新闻综合,http://live.dxhmt.cn:9081/tv/10882-1.m3u8
项城电视台,http://tvpull.dxhmt.cn:9081/tv/11681-1.m3u8
项城电视台,http://live.dxhmt.cn:9081/tv/11681-1.m3u8
汝阳新闻综合,http://tvpull.dxhmt.cn:9081/tv/10326-1.m3u8
汝阳新闻综合,http://live.dxhmt.cn:9081/tv/10326-1.m3u8
新安新闻综合,http://tvpull.dxhmt.cn:9081/tv/10323-1.m3u8
新安新闻综合,http://live.dxhmt.cn:9081/tv/10323-1.m3u8
罗山电视台,http://tvpull.dxhmt.cn:9081/tv/11521-1.m3u8
罗山电视台,http://live.dxhmt.cn:9081/tv/11521-1.m3u8
潢川电视台,http://tvpull.dxhmt.cn:9081/tv/11526-1.m3u8
潢川电视台,http://live.dxhmt.cn:9081/tv/11526-1.m3u8
上蔡1,http://tvpull.dxhmt.cn:9081/tv/11722-1.m3u8
上蔡1,http://live.dxhmt.cn:9081/tv/11722-1.m3u8
确山电视台1,http://live.dxhmt.cn:9081/tv/11725-1.m3u8
荥阳1,http://tvpull.dxhmt.cn:9081/tv/10182-1.m3u8
荥阳1,http://live.dxhmt.cn:9081/tv/10182-1.m3u8
温县融媒,http://tvpull.dxhmt.cn:9081/tv/10825-1.m3u8
温县融媒,http://live.dxhmt.cn:9081/tv/10825-1.m3u8
建安新闻,http://tvpull.dxhmt.cn:9081/tv/11003-1.m3u8
建安新闻,http://live.dxhmt.cn:9081/tv/11003-1.m3u8
封丘新闻综合,http://tvpull.dxhmt.cn:9081/tv/10727-1.m3u8
封丘新闻综合,http://live.dxhmt.cn:9081/tv/10727-1.m3u8
林州电视台,http://tvpull.dxhmt.cn:9081/tv/10581-1.m3u8
林州电视台,http://live.dxhmt.cn:9081/tv/10581-1.m3u8
鄢陵综合,http://tvpull.dxhmt.cn:9081/tv/11024-1.m3u8
鄢陵综合,http://live.dxhmt.cn:9081/tv/11024-1.m3u8
邓州新闻,http://tvpull.dxhmt.cn:9081/tv/11381-1.m3u8
邓州新闻,http://live.dxhmt.cn:9081/tv/11381-1.m3u8
社旗电视台,http://tvpull.dxhmt.cn:9081/tv/11327-1.m3u8
社旗电视台,http://live.dxhmt.cn:9081/tv/11327-1.m3u8
镇平新闻综合,http://tvpull.dxhmt.cn:9081/tv/11324-1.m3u8
镇平新闻综合,http://live.dxhmt.cn:9081/tv/11324-1.m3u8
孟州1,http://tvpull.dxhmt.cn:9081/tv/10883-1.m3u8
孟州1,http://live.dxhmt.cn:9081/tv/10883-1.m3u8
郏县综合,http://tvpull.dxhmt.cn:9081/tv/10425-1.m3u8
郏县综合,http://live.dxhmt.cn:9081/tv/10425-1.m3u8
浚县电视台,http://tvpull.dxhmt.cn:9081/tv/10621-1.m3u8
浚县电视台,http://live.dxhmt.cn:9081/tv/10621-1.m3u8
舞阳新闻综合,http://tvpull.dxhmt.cn:9081/tv/11121-1.m3u8
舞阳新闻综合,http://live.dxhmt.cn:9081/tv/11121-1.m3u8
渑池新闻综合,http://tvpull.dxhmt.cn:9081/tv/11221-1.m3u8
渑池新闻综合,http://live.dxhmt.cn:9081/tv/11221-1.m3u8
武陟新闻综合,http://tvpull.dxhmt.cn:9081/tv/10823-1.m3u8
武陟新闻综合,http://live.dxhmt.cn:9081/tv/10823-1.m3u8
新郑1,http://tvpull.dxhmt.cn:9081/tv/10184-1.m3u8
新郑1,http://live.dxhmt.cn:9081/tv/10184-1.m3u8
辉县新闻综合,http://tvpull.dxhmt.cn:9081/tv/10782-1.m3u8
辉县新闻综合,http://live.dxhmt.cn:9081/tv/10782-1.m3u8
永城新闻,http://tvpull.dxhmt.cn:9081/tv/11481-1.m3u8
永城新闻,http://live.dxhmt.cn:9081/tv/11481-1.m3u8
禹州综合,http://tvpull.dxhmt.cn:9081/tv/11081-1.m3u8
禹州综合,http://live.dxhmt.cn:9081/tv/11081-1.m3u8
杞县新闻综合,http://tvpull.dxhmt.cn:9081/tv/10221-1.m3u8
杞县新闻综合,http://live.dxhmt.cn:9081/tv/10221-1.m3u8
林颖综合,http://tvpull.dxhmt.cn:9081/tv/11122-1.m3u8
林颖综合,http://live.dxhmt.cn:9081/tv/11122-1.m3u8
宝丰1,http://tvpull.dxhmt.cn:9081/tv/10421-1.m3u8
宝丰1,http://live.dxhmt.cn:9081/tv/10421-1.m3u8
新密新闻频道,http://tvpull.dxhmt.cn:9081/tv/10183-2.m3u8
新密新闻频道,http://live.dxhmt.cn:9081/tv/10183-2.m3u8
嘉峪关综合,https://play.kankanlive.com/live/1658978094528926.m3u8
嘉峪关公共,https://play.kankanlive.com/live/1658978141553927.m3u8
金昌综合,http://play.kankanlive.com/live/1660096574549900.m3u8
金昌综合,http://play.kankanlive.com/live/1660096574549900.flv
张掖新闻,http://play.kankanlive.com/live/1675849013180979.m3u8
张掖新闻,http://play.kankanlive.com/live/1675849013180979.flv
定西综合,https://play.kankanlive.com/live/1675303871634928.m3u8
定西综合,http://play.kankanlive.com/live/1675303871634928.flv
定西文旅生活,http://play.kankanlive.com/live/1675303983674929.m3u8
定西文旅生活,http://play.kankanlive.com/live/1675303983674929.flv
天祝电视台,https://play.kankanlive.com/live/1656487214793905.m3u8
泰安综合,http://play.kankanlive.com/live/1680577080200944.m3u8
泰安综合,http://play.kankanlive.com/live/1680577080200944.flv
静宁新闻综合,https://play.kankanlive.com/live/1658194434596952.m3u8
景泰电视台,https://play.kankanlive.com/live/1624439143745981.m3u8
西和综合,https://play.kankanlive.com/live/1659926941626981.m3u8
古浪综合,http://play.kankanlive.com/live/1647934328544907.m3u8
古浪综合,http://play.kankanlive.com/live/1647934328544907.flv
永昌电视台,https://play.kankanlive.com/live/1652755738635915.m3u8
陇西电视台,https://play.kankanlive.com/live/1669881644081970.m3u8
平川电视台,http://play.kankanlive.com/live/1658907556249918.m3u8
平川电视台,http://play.kankanlive.com/live/1658907556249918.flv
岷县电视台,http://play.kankanlive.com/live/1672715401874967.m3u8
岷县电视台,http://play.kankanlive.com/live/1672715401874967.flv
庄浪电视台,https://play.kankanlive.com/live/1655107221272926.m3u8
金川电视台,http://play.kankanlive.com/live/1657360567739997.m3u8
金川电视台,http://play.kankanlive.com/live/1657360567739997.flv
安定电视台,https://play.kankanlive.com/live/1672881652415978.m3u8
安定电视台,http://play.kankanlive.com/live/1672881652415978.flv
靖远电视台,https://play.kankanlive.com/live/1658390970673988.m3u8
天祝电视台,https://play.kankanlive.com/live/1656487214793905.m3u8
天祝电视台,http://play.kankanlive.com/live/1656487214793905.m3u8
天祝电视台,http://play.kankanlive.com/live/1656487214793905.flv
靖远电视台,https://play.kankanlive.com/live/1658390970673988.m3u8
通渭电视台,http://play.kankanlive.com/live/1661761962676984.m3u8
通渭电视台,http://play.kankanlive.com/live/1661761962676984.flv
秦安电视台,https://play.kankanlive.com/live/1680577080200944.m3u8
秦安电视台,http://play.kankanlive.com/live/1680577080200944.flv
浙江卫视超清,http://ali-xwl.cztv.com/live/channel011080Plxw.m3u8
浙江卫视超清,http://ali-xwl.cztv.com/live/channel01720Plxw.m3u8
江苏卫视超清,http://hlsztemgsplive.miguvideo.com:8080/wd_r2/cctv/jiangsuhd/1200/index.m3u8?msisdn=202601221127102fb3d99e3ca64d48b20e4ec8f74eaeee&mdspid=&spid=699067&netType=4&sid=5500199408&pid=2028597139&timestamp=20260122112710&Channel_ID=0116_2600001300-99000-201600010012772&ProgramID=623899368&ParentNodeID=-99&assertID=5500199408&client_ip=36.134.130.15&SecurityKey=20260122112710&promotionId=&mvid=5100156802&mcid=500020&playurlVersion=WX-A1-9.1.1.1-RELEASE&userid=&jmhm=&videocodec=h264&appCode=miguvideo_android&bean=mgspad&tid=android&conFee=0&encrypt=de4fc44443812a426c442ecdd6758407
湖北卫视超清,http://hlsztemgsplive.miguvideo.com:8080/wd_r2/2018/ocn/hubeiwshd/2000/index.m3u8?msisdn=20260122112538d78d34ee124b4a0e8e3540672459ef91&mdspid=&spid=600633&netType=4&sid=5910022163&pid=2028597139&timestamp=20260122112538&Channel_ID=0116_2600001300-99000-201600010012769&ProgramID=947472496&ParentNodeID=-99&assertID=5910022163&client_ip=36.134.130.104&SecurityKey=20260122112538&promotionId=&mvid=5900004355&mcid=500020&playurlVersion=WX-A1-9.1.1.1-RELEASE&userid=&jmhm=&videocodec=h264&appCode=miguvideo_android&bean=mgspad&tid=android&conFee=0&encrypt=4be88eb8a1818540ef9ff41aef516681
广东卫视超清,http://hlsztemgsplive.miguvideo.com:8080/migu/kailu/gdwshd265/54/20200407/index.m3u8?msisdn=20260122122747ddf039f70c1e46dc9ba1461c6f7e872b&mdspid=&spid=699054&netType=4&sid=2202428795&pid=2028597139&timestamp=20260122122747&Channel_ID=0116_2600001300-99000-201600010012802&ProgramID=608831231&ParentNodeID=-99&assertID=2202428795&client_ip=36.138.60.101&SecurityKey=20260122122747&promotionId=&mvid=2202428795&mcid=500020&playurlVersion=WX-A1-9.1.1.1-RELEASE&userid=&jmhm=&videocodec=h265&appCode=miguvideo_android&bean=mgspad&tid=android&conFee=0&encrypt=4b789c8b36100847ce36df2783fc4d68
东方卫视超清,http://hlsztemgsplive.miguvideo.com:8080/wd_r4/dfl/dongfangwshd/1200/index.m3u8?msisdn=202601221127411558edd764e74bafb24897227b40ebb3&mdspid=&spid=600697&netType=4&sid=5910022185&pid=2028597139&timestamp=20260122112741&Channel_ID=0116_2600001300-99000-201600010012773&ProgramID=651632648&ParentNodeID=-99&assertID=5910022185&client_ip=36.134.130.15&SecurityKey=20260122112741&promotionId=&mvid=5100043384&mcid=500020&playurlVersion=WX-A1-9.1.1.1-RELEASE&userid=&jmhm=&videocodec=h264&appCode=miguvideo_android&bean=mgspad&tid=android&conFee=0&encrypt=39005290536d137100fe2f358ad7cc7b
辽宁卫视超清,http://hlsztemgsplive.miguvideo.com:8080/wd_r2/2018/ocn/liaoningwshd/2000/index.m3u8?msisdn=2026012211233580cf8b614da84b2192c01990c187f08e&mdspid=&spid=600572&netType=4&sid=5910022198&pid=2028597139&timestamp=20260122112335&Channel_ID=0116_2600001300-99000-201600010012765&ProgramID=630291707&ParentNodeID=-99&assertID=5910022198&client_ip=36.134.130.64&SecurityKey=20260122112335&promotionId=&mvid=5101043014&mcid=500020&playurlVersion=WX-A1-9.1.1.1-RELEASE&userid=&jmhm=&videocodec=h264&appCode=miguvideo_android&bean=mgspad&tid=android&conFee=0&encrypt=54661b51418d387026d5720a4db3d062
东南卫视超清,http://hlsztemgsplive.miguvideo.com:8080/migu/kailu/dongnanws/51/20230724/index.m3u8?msisdn=20260122120258a30da14853594ccf8ba0bfd97668df27&mdspid=&spid=600717&netType=4&sid=5910022182&pid=2028597139&timestamp=20260122120258&Channel_ID=0116_2600001300-99000-201600010012801&ProgramID=849116810&ParentNodeID=-99&assertID=5910022182&client_ip=36.137.241.50&SecurityKey=20260122120258&promotionId=&mvid=5900006229&mcid=500020&playurlVersion=WX-A1-9.1.1.1-RELEASE&userid=&jmhm=&videocodec=h264&appCode=miguvideo_android&bean=mgspad&tid=android&conFee=0&encrypt=2477417d102cfb589b1210b71e6836f6
江西卫视超清,http://hlsztemgsplive.miguvideo.com:8080/migu/kailu/jxwshd/51/20190820/index.m3u8?msisdn=202601221126097f4cc3fac6f245d180d4f6cd20787a15&mdspid=&spid=600633&netType=4&sid=5910021492&pid=2028597139&timestamp=20260122112609&Channel_ID=0116_2600001300-99000-201600010012770&ProgramID=783847495&ParentNodeID=-99&assertID=5910021492&client_ip=36.134.130.180&SecurityKey=20260122112609&promotionId=&mvid=5900004351&mcid=500020&playurlVersion=WX-A1-9.1.1.1-RELEASE&userid=&jmhm=&videocodec=h264&appCode=miguvideo_android&bean=mgspad&tid=android&conFee=0&encrypt=7b5e0b697811e1dbf1e605b124167484
浙江卫视4K,http://ali-xwl.cztv.com/live/channel4k2160p.m3u8
浙江卫视4K,https://bd-xwl.cztv.com/live/channel4k2160p.m3u8
浙江卫视4K,http://play-qukan.cztv.com/live/1758879019692345.m3u8
