Category: 🍄┃广东频道, Name: 广州综合, Total: 2, Valid: 1, Valid Percent: 50.00%, IPv4: 2, IPv6: 0, Min Delay: 1543 ms, Max Speed: 0.41 M/s, Avg Speed: 0.41 M/s, Max Resolution: 1280x720
Category: 🍄┃广东频道, Name: 广州新闻, Total: 2, Valid: 1, Valid Percent: 50.00%, IPv4: 2, IPv6: 0, Min Delay: 1844 ms, Max Speed: 0.30 M/s, Avg Speed: 0.30 M/s, Max Resolution: None
Category: 🍄┃广东频道, Name: 广州影视, Total: 6, Valid: 0, Valid Percent: 0.00%, IPv4: 6, IPv6: 0, Min Delay: -1 ms, Max Speed: 0.00 M/s, Avg Speed: 0.00 M/s, Max Resolution: None
Category: 🍄┃广东频道, Name: 广州竞赛, Total: 4, Valid: 0, Valid Percent: 0.00%, IPv4: 4, IPv6: 0, Min Delay: -1 ms, Max Speed: 0.00 M/s, Avg Speed: 0.00 M/s, Max Resolution: None
Category: 🍄┃广东频道, Name: 南国都市, Total: 6, Valid: 5, Valid Percent: 83.33%, IPv4: 6, IPv6: 0, Min Delay: 1414 ms, Max Speed: 0.59 M/s, Avg Speed: 0.39 M/s, Max Resolution: 1920x1080
Category: 🍄┃广东频道, Name: 广州法治, Total: 8, Valid: 0, Valid Percent: 0.00%, IPv4: 8, IPv6: 0, Min Delay: -1 ms, Max Speed: 0.00 M/s, Avg Speed: 0.00 M/s, Max Resolution: None
Category: 🍄┃广东频道, Name: 广东珠江, Total: 9, Valid: 5, Valid Percent: 55.56%, IPv4: 9, IPv6: 0, Min Delay: 1940 ms, Max Speed: 0.28 M/s, Avg Speed: 0.10 M/s, Max Resolution: 1920x1080
Category: 🍄┃广东频道, Name: 广东新闻, Total: 6, Valid: 2, Valid Percent: 33.33%, IPv4: 6, IPv6: 0, Min Delay: 4134 ms, Max Speed: 0.26 M/s, Avg Speed: 0.17 M/s, Max Resolution: 1920x1080
Category: 🍄┃广东频道, Name: 广东卫视, Total: 99, Valid: 35, Valid Percent: 35.35%, IPv4: 99, IPv6: 0, Min Delay: 61 ms, Max Speed: 19.36 M/s, Avg Speed: 5.87 M/s, Max Resolution: 1920x1080
Category: 🍄┃广东频道, Name: 广东民生, Total: 4, Valid: 2, Valid Percent: 50.00%, IPv4: 4, IPv6: 0, Min Delay: 10212 ms, Max Speed: 0.29 M/s, Avg Speed: 0.15 M/s, Max Resolution: 1920x1080
Category: 🍄┃广东频道, Name: 大湾区卫视, Total: 25, Valid: 17, Valid Percent: 68.00%, IPv4: 25, IPv6: 0, Min Delay: 32 ms, Max Speed: 34.20 M/s, Avg Speed: 17.19 M/s, Max Resolution: 1920x1080
Category: 🍄┃广东频道, Name: 广东体育, Total: 16, Valid: 9, Valid Percent: 56.25%, IPv4: 16, IPv6: 0, Min Delay: 75 ms, Max Speed: 1.24 M/s, Avg Speed: 0.25 M/s, Max Resolution: 1920x1080
Category: 🍄┃广东频道, Name: 佛山综合, Total: 1, Valid: 0, Valid Percent: 0.00%, IPv4: 1, IPv6: 0, Min Delay: -1 ms, Max Speed: 0.00 M/s, Avg Speed: 0.00 M/s, Max Resolution: None
Category: 🍄┃广东频道, Name: 纪实科教, Total: 3, Valid: 0, Valid Percent: 0.00%, IPv4: 3, IPv6: 0, Min Delay: -1 ms, Max Speed: 0.00 M/s, Avg Speed: 0.00 M/s, Max Resolution: None
Category: 🍄┃广东频道, Name: 深圳卫视, Total: 65, Valid: 27, Valid Percent: 41.54%, IPv4: 65, IPv6: 0, Min Delay: 30 ms, Max Speed: 35.09 M/s, Avg Speed: 5.53 M/s, Max Resolution: 1920x1080
Category: 🍄┃广东频道, Name: 汕头综合, Total: 2, Valid: 0, Valid Percent: 0.00%, IPv4: 2, IPv6: 0, Min Delay: -1 ms, Max Speed: 0.00 M/s, Avg Speed: 0.00 M/s, Max Resolution: None
Category: 🍄┃广东频道, Name: 纪实人文, Total: 6, Valid: 0, Valid Percent: 0.00%, IPv4: 6, IPv6: 0, Min Delay: -1 ms, Max Speed: 0.00 M/s, Avg Speed: 0.00 M/s, Max Resolution: None
Category: 🍄┃广东频道, Name: 金鹰纪实, Total: 7, Valid: 1, Valid Percent: 14.29%, IPv4: 7, IPv6: 0, Min Delay: 868 ms, Max Speed: 0.51 M/s, Avg Speed: 0.51 M/s, Max Resolution: None
Category: 🍄┃广东频道, Name: 超级综艺, Total: 2, Valid: 0, Valid Percent: 0.00%, IPv4: 2, IPv6: 0, Min Delay: -1 ms, Max Speed: 0.00 M/s, Avg Speed: 0.00 M/s, Max Resolution: None
Category: 🍉┃咪咕频道, Name: CCTV-01咪咕, Total: 130, Valid: 46, Valid Percent: 35.38%, IPv4: 130, IPv6: 0, Min Delay: 48 ms, Max Speed: 19.71 M/s, Avg Speed: 8.73 M/s, Max Resolution: 1920x1080
Category: 🍉┃咪咕频道, Name: CCTV-02咪咕, Total: 115, Valid: 49, Valid Percent: 42.61%, IPv4: 115, IPv6: 0, Min Delay: 30 ms, Max Speed: 36.07 M/s, Avg Speed: 10.85 M/s, Max Resolution: 1920x1080
Category: 🍉┃咪咕频道, Name: CCTV-03咪咕, Total: 113, Valid: 43, Valid Percent: 38.05%, IPv4: 113, IPv6: 0, Min Delay: 16 ms, Max Speed: 38.03 M/s, Avg Speed: 12.65 M/s, Max Resolution: 1920x1080
Category: 🍉┃咪咕频道, Name: CCTV-04咪咕, Total: 131, Valid: 57, Valid Percent: 43.51%, IPv4: 131, IPv6: 0, Min Delay: 13 ms, Max Speed: 19.69 M/s, Avg Speed: 7.10 M/s, Max Resolution: 1920x1080
Category: 🍉┃咪咕频道, Name: CCTV-05咪咕, Total: 126, Valid: 53, Valid Percent: 42.06%, IPv4: 126, IPv6: 0, Min Delay: 29 ms, Max Speed: 36.83 M/s, Avg Speed: 11.80 M/s, Max Resolution: 1920x1080
Category: 🍉┃咪咕频道, Name: CCTV-06咪咕, Total: 110, Valid: 42, Valid Percent: 38.18%, IPv4: 110, IPv6: 0, Min Delay: 30 ms, Max Speed: 35.21 M/s, Avg Speed: 13.64 M/s, Max Resolution: 1920x1080
Category: 🍉┃咪咕频道, Name: CCTV-07咪咕, Total: 108, Valid: 35, Valid Percent: 32.41%, IPv4: 108, IPv6: 0, Min Delay: 58 ms, Max Speed: 19.43 M/s, Avg Speed: 2.85 M/s, Max Resolution: 1920x1080
Category: 🍉┃咪咕频道, Name: CCTV-08咪咕, Total: 109, Valid: 47, Valid Percent: 43.12%, IPv4: 109, IPv6: 0, Min Delay: 28 ms, Max Speed: 35.15 M/s, Avg Speed: 10.16 M/s, Max Resolution: 1920x1080
Category: 🍉┃咪咕频道, Name: CCTV-09咪咕, Total: 103, Valid: 40, Valid Percent: 38.83%, IPv4: 103, IPv6: 0, Min Delay: 29 ms, Max Speed: 35.58 M/s, Avg Speed: 12.01 M/s, Max Resolution: 1920x1080
Category: 🍉┃咪咕频道, Name: CCTV-10咪咕, Total: 109, Valid: 41, Valid Percent: 37.61%, IPv4: 109, IPv6: 0, Min Delay: 28 ms, Max Speed: 39.14 M/s, Avg Speed: 14.27 M/s, Max Resolution: 1920x1080
Category: 🍉┃咪咕频道, Name: CCTV-11咪咕, Total: 99, Valid: 40, Valid Percent: 40.40%, IPv4: 99, IPv6: 0, Min Delay: 30 ms, Max Speed: 34.55 M/s, Avg Speed: 7.94 M/s, Max Resolution: 1920x1080
Category: 🍉┃咪咕频道, Name: CCTV-12咪咕, Total: 102, Valid: 43, Valid Percent: 42.16%, IPv4: 102, IPv6: 0, Min Delay: 53 ms, Max Speed: 18.69 M/s, Avg Speed: 6.43 M/s, Max Resolution: 1920x1080
Category: 🍉┃咪咕频道, Name: CCTV-13咪咕, Total: 117, Valid: 47, Valid Percent: 40.17%, IPv4: 117, IPv6: 0, Min Delay: 32 ms, Max Speed: 33.83 M/s, Avg Speed: 9.50 M/s, Max Resolution: 1920x1080
Category: 🍉┃咪咕频道, Name: CCTV-14咪咕, Total: 97, Valid: 38, Valid Percent: 39.18%, IPv4: 97, IPv6: 0, Min Delay: 15 ms, Max Speed: 35.47 M/s, Avg Speed: 8.02 M/s, Max Resolution: 1920x1080
Category: 🍉┃咪咕频道, Name: CCTV-15咪咕, Total: 102, Valid: 34, Valid Percent: 33.33%, IPv4: 102, IPv6: 0, Min Delay: 30 ms, Max Speed: 37.25 M/s, Avg Speed: 13.42 M/s, Max Resolution: 1920x1080
Category: 🍉┃咪咕频道, Name: CCTV-16咪咕, Total: 55, Valid: 17, Valid Percent: 30.91%, IPv4: 55, IPv6: 0, Min Delay: 54 ms, Max Speed: 19.04 M/s, Avg Speed: 3.47 M/s, Max Resolution: 1920x1080
Category: 🍉┃咪咕频道, Name: CCTV-17咪咕, Total: 73, Valid: 29, Valid Percent: 39.73%, IPv4: 73, IPv6: 0, Min Delay: 52 ms, Max Speed: 18.87 M/s, Avg Speed: 9.99 M/s, Max Resolution: 1920x1080
Category: 🍉┃咪咕频道, Name: 东方卫视咪咕, Total: 2, Valid: 0, Valid Percent: 0.00%, IPv4: 2, IPv6: 0, Min Delay: -1 ms, Max Speed: 0.00 M/s, Avg Speed: 0.00 M/s, Max Resolution: None
Category: 🍉┃咪咕频道, Name: 江苏卫视咪咕, Total: 2, Valid: 0, Valid Percent: 0.00%, IPv4: 2, IPv6: 0, Min Delay: -1 ms, Max Speed: 0.00 M/s, Avg Speed: 0.00 M/s, Max Resolution: None
Category: 🍉┃咪咕频道, Name: 陕西卫视咪咕, Total: 2, Valid: 0, Valid Percent: 0.00%, IPv4: 2, IPv6: 0, Min Delay: -1 ms, Max Speed: 0.00 M/s, Avg Speed: 0.00 M/s, Max Resolution: None
Category: 🍉┃咪咕频道, Name: 湖北卫视咪咕, Total: 2, Valid: 0, Valid Percent: 0.00%, IPv4: 2, IPv6: 0, Min Delay: -1 ms, Max Speed: 0.00 M/s, Avg Speed: 0.00 M/s, Max Resolution: None
Category: 🍉┃咪咕频道, Name: 海南卫视咪咕, Total: 2, Valid: 0, Valid Percent: 0.00%, IPv4: 2, IPv6: 0, Min Delay: -1 ms, Max Speed: 0.00 M/s, Avg Speed: 0.00 M/s, Max Resolution: None
Category: 🍉┃咪咕频道, Name: 江西卫视咪咕, Total: 2, Valid: 0, Valid Percent: 0.00%, IPv4: 2, IPv6: 0, Min Delay: -1 ms, Max Speed: 0.00 M/s, Avg Speed: 0.00 M/s, Max Resolution: None
Category: 🍉┃咪咕频道, Name: CCTV-5+咪咕, Total: 91, Valid: 29, Valid Percent: 31.87%, IPv4: 91, IPv6: 0, Min Delay: 51 ms, Max Speed: 18.78 M/s, Avg Speed: 7.60 M/s, Max Resolution: 1920x1080
Category: 🍓┃央视频道, Name: CETV-1, Total: 28, Valid: 10, Valid Percent: 35.71%, IPv4: 28, IPv6: 0, Min Delay: 51 ms, Max Speed: 19.53 M/s, Avg Speed: 16.33 M/s, Max Resolution: 1920x1080
Category: 🍓┃央视频道, Name: CETV-2, Total: 16, Valid: 10, Valid Percent: 62.50%, IPv4: 16, IPv6: 0, Min Delay: 31 ms, Max Speed: 37.20 M/s, Avg Speed: 28.96 M/s, Max Resolution: 1920x1080
Category: 🍓┃央视频道, Name: CETV-3, Total: 2, Valid: 0, Valid Percent: 0.00%, IPv4: 2, IPv6: 0, Min Delay: -1 ms, Max Speed: 0.00 M/s, Avg Speed: 0.00 M/s, Max Resolution: None
Category: 🍓┃央视频道, Name: CETV-4, Total: 19, Valid: 9, Valid Percent: 47.37%, IPv4: 19, IPv6: 0, Min Delay: 30 ms, Max Speed: 38.64 M/s, Avg Speed: 33.49 M/s, Max Resolution: 1920x1080
Category: 🐧┃卫视频道, Name: 东方卫视, Total: 75, Valid: 28, Valid Percent: 37.33%, IPv4: 75, IPv6: 0, Min Delay: 33 ms, Max Speed: 32.36 M/s, Avg Speed: 10.35 M/s, Max Resolution: 3840x2160
Category: 🐧┃卫视频道, Name: 浙江卫视, Total: 107, Valid: 47, Valid Percent: 43.93%, IPv4: 107, IPv6: 0, Min Delay: 49 ms, Max Speed: 19.98 M/s, Avg Speed: 6.24 M/s, Max Resolution: 3840x2160
Category: 🐧┃卫视频道, Name: 湖南卫视, Total: 104, Valid: 39, Valid Percent: 37.50%, IPv4: 104, IPv6: 0, Min Delay: 34 ms, Max Speed: 14.06 M/s, Avg Speed: 2.25 M/s, Max Resolution: 3840x2160
Category: 🐧┃卫视频道, Name: 香港卫视, Total: 9, Valid: 0, Valid Percent: 0.00%, IPv4: 9, IPv6: 0, Min Delay: -1 ms, Max Speed: 0.00 M/s, Avg Speed: 0.00 M/s, Max Resolution: None
Category: 🐧┃卫视频道, Name: 江苏卫视, Total: 100, Valid: 42, Valid Percent: 42.00%, IPv4: 100, IPv6: 0, Min Delay: 29 ms, Max Speed: 36.58 M/s, Avg Speed: 12.45 M/s, Max Resolution: 3840x2160
Category: 🐧┃卫视频道, Name: 北京卫视, Total: 87, Valid: 36, Valid Percent: 41.38%, IPv4: 87, IPv6: 0, Min Delay: 10 ms, Max Speed: 38.64 M/s, Avg Speed: 14.54 M/s, Max Resolution: 1920x1080
Category: 🐧┃卫视频道, Name: 湖北卫视, Total: 84, Valid: 28, Valid Percent: 33.33%, IPv4: 84, IPv6: 0, Min Delay: 49 ms, Max Speed: 18.64 M/s, Avg Speed: 7.94 M/s, Max Resolution: 1920x1080
Category: 🐧┃卫视频道, Name: 黑龙江卫视, Total: 67, Valid: 24, Valid Percent: 35.82%, IPv4: 67, IPv6: 0, Min Delay: 54 ms, Max Speed: 18.65 M/s, Avg Speed: 5.22 M/s, Max Resolution: 1920x1080
Category: 🐧┃卫视频道, Name: 安徽卫视, Total: 70, Valid: 26, Valid Percent: 37.14%, IPv4: 70, IPv6: 0, Min Delay: 29 ms, Max Speed: 35.49 M/s, Avg Speed: 5.65 M/s, Max Resolution: 1920x1080
Category: 🐧┃卫视频道, Name: 重庆卫视, Total: 73, Valid: 28, Valid Percent: 38.36%, IPv4: 73, IPv6: 0, Min Delay: 30 ms, Max Speed: 34.28 M/s, Avg Speed: 9.80 M/s, Max Resolution: 1920x1080
Category: 🐧┃卫视频道, Name: 东南卫视, Total: 63, Valid: 25, Valid Percent: 39.68%, IPv4: 63, IPv6: 0, Min Delay: 56 ms, Max Speed: 19.27 M/s, Avg Speed: 7.87 M/s, Max Resolution: 1920x1080
Category: 🐧┃卫视频道, Name: 甘肃卫视, Total: 41, Valid: 12, Valid Percent: 29.27%, IPv4: 41, IPv6: 0, Min Delay: 64 ms, Max Speed: 16.97 M/s, Avg Speed: 3.73 M/s, Max Resolution: 1920x1080
Category: 🐧┃卫视频道, Name: 广西卫视, Total: 50, Valid: 15, Valid Percent: 30.00%, IPv4: 50, IPv6: 0, Min Delay: 57 ms, Max Speed: 18.26 M/s, Avg Speed: 4.56 M/s, Max Resolution: 1920x1080
Category: 🐧┃卫视频道, Name: 贵州卫视, Total: 65, Valid: 23, Valid Percent: 35.38%, IPv4: 65, IPv6: 0, Min Delay: 55 ms, Max Speed: 20.00 M/s, Avg Speed: 4.04 M/s, Max Resolution: 1920x1080
Category: 🐧┃卫视频道, Name: 海南卫视, Total: 56, Valid: 19, Valid Percent: 33.93%, IPv4: 56, IPv6: 0, Min Delay: 171 ms, Max Speed: 10.53 M/s, Avg Speed: 1.24 M/s, Max Resolution: 1920x1080
Category: 🐧┃卫视频道, Name: 河北卫视, Total: 67, Valid: 34, Valid Percent: 50.75%, IPv4: 67, IPv6: 0, Min Delay: 29 ms, Max Speed: 36.05 M/s, Avg Speed: 12.31 M/s, Max Resolution: 1920x1080
Category: 🐧┃卫视频道, Name: 河南卫视, Total: 79, Valid: 28, Valid Percent: 35.44%, IPv4: 79, IPv6: 0, Min Delay: 24 ms, Max Speed: 38.67 M/s, Avg Speed: 17.81 M/s, Max Resolution: 1920x1080
Category: 🐧┃卫视频道, Name: 吉林卫视, Total: 73, Valid: 33, Valid Percent: 45.21%, IPv4: 73, IPv6: 0, Min Delay: 30 ms, Max Speed: 36.49 M/s, Avg Speed: 14.88 M/s, Max Resolution: 1920x1080
Category: 🐧┃卫视频道, Name: 江西卫视, Total: 77, Valid: 26, Valid Percent: 33.77%, IPv4: 77, IPv6: 0, Min Delay: 137 ms, Max Speed: 11.59 M/s, Avg Speed: 1.66 M/s, Max Resolution: 1920x1080
Category: 🐧┃卫视频道, Name: 辽宁卫视, Total: 74, Valid: 34, Valid Percent: 45.95%, IPv4: 74, IPv6: 0, Min Delay: 51 ms, Max Speed: 19.51 M/s, Avg Speed: 7.09 M/s, Max Resolution: 1920x1080
Category: 🐧┃卫视频道, Name: 内蒙古卫视, Total: 37, Valid: 8, Valid Percent: 21.62%, IPv4: 37, IPv6: 0, Min Delay: 50 ms, Max Speed: 18.12 M/s, Avg Speed: 6.92 M/s, Max Resolution: 1920x1080
Category: 🐧┃卫视频道, Name: 宁夏卫视, Total: 42, Valid: 17, Valid Percent: 40.48%, IPv4: 42, IPv6: 0, Min Delay: 50 ms, Max Speed: 20.29 M/s, Avg Speed: 13.73 M/s, Max Resolution: 1920x1080
Category: 🐧┃卫视频道, Name: 青海卫视, Total: 50, Valid: 22, Valid Percent: 44.00%, IPv4: 50, IPv6: 0, Min Delay: 48 ms, Max Speed: 19.55 M/s, Avg Speed: 9.86 M/s, Max Resolution: 1920x1080
Category: 🐧┃卫视频道, Name: 山东卫视, Total: 69, Valid: 28, Valid Percent: 40.58%, IPv4: 69, IPv6: 0, Min Delay: 65 ms, Max Speed: 17.67 M/s, Avg Speed: 2.47 M/s, Max Resolution: 1920x1080
Category: 🐧┃卫视频道, Name: 山西卫视, Total: 43, Valid: 14, Valid Percent: 32.56%, IPv4: 43, IPv6: 0, Min Delay: 29 ms, Max Speed: 34.90 M/s, Avg Speed: 12.15 M/s, Max Resolution: 1920x1080
Category: 🐧┃卫视频道, Name: 陕西卫视, Total: 57, Valid: 26, Valid Percent: 45.61%, IPv4: 57, IPv6: 0, Min Delay: 30 ms, Max Speed: 38.01 M/s, Avg Speed: 8.82 M/s, Max Resolution: 1920x1080
Category: 🐧┃卫视频道, Name: 四川卫视, Total: 70, Valid: 25, Valid Percent: 35.71%, IPv4: 70, IPv6: 0, Min Delay: 11 ms, Max Speed: 33.52 M/s, Avg Speed: 4.47 M/s, Max Resolution: 1920x1080
Category: 🐧┃卫视频道, Name: 三沙卫视, Total: 22, Valid: 12, Valid Percent: 54.55%, IPv4: 22, IPv6: 0, Min Delay: 29 ms, Max Speed: 37.55 M/s, Avg Speed: 24.54 M/s, Max Resolution: 1920x1080
Category: 🐧┃卫视频道, Name: 天津卫视, Total: 67, Valid: 26, Valid Percent: 38.81%, IPv4: 67, IPv6: 0, Min Delay: 30 ms, Max Speed: 36.00 M/s, Avg Speed: 5.53 M/s, Max Resolution: 1920x1080
Category: 🐧┃卫视频道, Name: 西藏卫视, Total: 40, Valid: 8, Valid Percent: 20.00%, IPv4: 40, IPv6: 0, Min Delay: 59 ms, Max Speed: 18.61 M/s, Avg Speed: 6.99 M/s, Max Resolution: 1920x1080
Category: 🐧┃卫视频道, Name: 新疆卫视, Total: 41, Valid: 8, Valid Percent: 19.51%, IPv4: 41, IPv6: 0, Min Delay: 150 ms, Max Speed: 9.21 M/s, Avg Speed: 2.42 M/s, Max Resolution: 1920x1080
Category: 🚂┃湾区频道, Name: 翡翠台 backup, Total: 1, Valid: 0, Valid Percent: 0.00%, IPv4: 1, IPv6: 0, Min Delay: -1 ms, Max Speed: 0.00 M/s, Avg Speed: 0.00 M/s, Max Resolution: None
Category: 🚂┃湾区频道, Name: iNews 新闻台, Total: 1, Valid: 0, Valid Percent: 0.00%, IPv4: 1, IPv6: 0, Min Delay: -1 ms, Max Speed: 0.00 M/s, Avg Speed: 0.00 M/s, Max Resolution: None
Category: 🚂┃湾区频道, Name: J 2, Total: 1, Valid: 0, Valid Percent: 0.00%, IPv4: 1, IPv6: 0, Min Delay: -1 ms, Max Speed: 0.00 M/s, Avg Speed: 0.00 M/s, Max Resolution: None
Category: 🚂┃湾区频道, Name: 珍珠台, Total: 1, Valid: 0, Valid Percent: 0.00%, IPv4: 1, IPv6: 0, Min Delay: -1 ms, Max Speed: 0.00 M/s, Avg Speed: 0.00 M/s, Max Resolution: None
Category: 🚂┃湾区频道, Name: HOY资讯台, Total: 1, Valid: 0, Valid Percent: 0.00%, IPv4: 1, IPv6: 0, Min Delay: -1 ms, Max Speed: 0.00 M/s, Avg Speed: 0.00 M/s, Max Resolution: None
Category: 🚂┃湾区频道, Name: RHK 31, Total: 2, Valid: 0, Valid Percent: 0.00%, IPv4: 2, IPv6: 0, Min Delay: -1 ms, Max Speed: 0.00 M/s, Avg Speed: 0.00 M/s, Max Resolution: None
Category: 🚂┃湾区频道, Name: VIUTV1, Total: 2, Valid: 0, Valid Percent: 0.00%, IPv4: 2, IPv6: 0, Min Delay: -1 ms, Max Speed: 0.00 M/s, Avg Speed: 0.00 M/s, Max Resolution: None
Category: 🚂┃湾区频道, Name: RHK 32, Total: 2, Valid: 0, Valid Percent: 0.00%, IPv4: 2, IPv6: 0, Min Delay: -1 ms, Max Speed: 0.00 M/s, Avg Speed: 0.00 M/s, Max Resolution: None
Category: 🚂┃湾区频道, Name: 凤凰卫视, Total: 2, Valid: 0, Valid Percent: 0.00%, IPv4: 2, IPv6: 0, Min Delay: -1 ms, Max Speed: 0.00 M/s, Avg Speed: 0.00 M/s, Max Resolution: None
Category: 🐧┃卫视频道, Name: 云南卫视, Total: 45, Valid: 15, Valid Percent: 33.33%, IPv4: 45, IPv6: 0, Min Delay: 55 ms, Max Speed: 18.26 M/s, Avg Speed: 4.36 M/s, Max Resolution: 1920x1080
Category: 🚂┃湾区频道, Name: 翡翠台, Total: 19, Valid: 4, Valid Percent: 21.05%, IPv4: 19, IPv6: 0, Min Delay: 188 ms, Max Speed: 80.40 M/s, Avg Speed: 21.50 M/s, Max Resolution: 3840x2160
Category: 🚂┃湾区频道, Name: Viu6, Total: 2, Valid: 0, Valid Percent: 0.00%, IPv4: 2, IPv6: 0, Min Delay: -1 ms, Max Speed: 0.00 M/s, Avg Speed: 0.00 M/s, Max Resolution: None
Category: 🚂┃湾区频道, Name: 凤凰香港, Total: 23, Valid: 3, Valid Percent: 13.04%, IPv4: 23, IPv6: 0, Min Delay: 63 ms, Max Speed: 1.17 M/s, Avg Speed: 0.60 M/s, Max Resolution: 1920x1080
Category: 🚂┃湾区频道, Name: 凤凰资讯, Total: 26, Valid: 7, Valid Percent: 26.92%, IPv4: 26, IPv6: 0, Min Delay: 91 ms, Max Speed: 28.17 M/s, Avg Speed: 4.20 M/s, Max Resolution: 1920x1080
Category: 🚂┃湾区频道, Name: 公视, Total: 8, Valid: 2, Valid Percent: 25.00%, IPv4: 8, IPv6: 0, Min Delay: 281 ms, Max Speed: 7.77 M/s, Avg Speed: 4.03 M/s, Max Resolution: 1920x1080
Category: 🚂┃湾区频道, Name: 民视, Total: 5, Valid: 3, Valid Percent: 60.00%, IPv4: 5, IPv6: 0, Min Delay: 137 ms, Max Speed: 2.07 M/s, Avg Speed: 1.03 M/s, Max Resolution: 1920x1080
Category: 🚂┃湾区频道, Name: 寰宇, Total: 1, Valid: 0, Valid Percent: 0.00%, IPv4: 1, IPv6: 0, Min Delay: -1 ms, Max Speed: 0.00 M/s, Avg Speed: 0.00 M/s, Max Resolution: None
Category: 🚂┃湾区频道, Name: tvbs, Total: 3, Valid: 1, Valid Percent: 33.33%, IPv4: 3, IPv6: 0, Min Delay: 6517 ms, Max Speed: 0.29 M/s, Avg Speed: 0.29 M/s, Max Resolution: 1280x720
Category: 🚂┃湾区频道, Name: 中视, Total: 17, Valid: 4, Valid Percent: 23.53%, IPv4: 17, IPv6: 0, Min Delay: 358 ms, Max Speed: 3.84 M/s, Avg Speed: 1.10 M/s, Max Resolution: 1920x1080
Category: 🚂┃湾区频道, Name: 华视, Total: 18, Valid: 4, Valid Percent: 22.22%, IPv4: 18, IPv6: 0, Min Delay: 363 ms, Max Speed: 6.20 M/s, Avg Speed: 1.69 M/s, Max Resolution: 1920x1080
Category: 🚂┃湾区频道, Name: 台视, Total: 11, Valid: 0, Valid Percent: 0.00%, IPv4: 11, IPv6: 0, Min Delay: 3355 ms, Max Speed: 0.00 M/s, Avg Speed: 0.00 M/s, Max Resolution: 1280x720
Category: 🚂┃湾区频道, Name: J2, Total: 2, Valid: 0, Valid Percent: 0.00%, IPv4: 2, IPv6: 0, Min Delay: -1 ms, Max Speed: 0.00 M/s, Avg Speed: 0.00 M/s, Max Resolution: None
Category: 🚂┃湾区频道, Name: 凤凰中文, Total: 32, Valid: 7, Valid Percent: 21.88%, IPv4: 32, IPv6: 0, Min Delay: 63 ms, Max Speed: 85.44 M/s, Avg Speed: 12.36 M/s, Max Resolution: 1920x1080
Category: 🚂┃湾区频道, Name: TVBS新闻, Total: 2, Valid: 0, Valid Percent: 0.00%, IPv4: 2, IPv6: 0, Min Delay: -1 ms, Max Speed: 0.00 M/s, Avg Speed: 0.00 M/s, Max Resolution: None
Category: 🚂┃湾区频道, Name: 寰宇新聞台, Total: 1, Valid: 0, Valid Percent: 0.00%, IPv4: 1, IPv6: 0, Min Delay: -1 ms, Max Speed: 0.00 M/s, Avg Speed: 0.00 M/s, Max Resolution: None
Category: 🚂┃湾区频道, Name: TVBS欢乐, Total: 1, Valid: 0, Valid Percent: 0.00%, IPv4: 1, IPv6: 0, Min Delay: -1 ms, Max Speed: 0.00 M/s, Avg Speed: 0.00 M/s, Max Resolution: None
Category: 🚂┃湾区频道, Name: tvN, Total: 6, Valid: 0, Valid Percent: 0.00%, IPv4: 6, IPv6: 0, Min Delay: -1 ms, Max Speed: 0.00 M/s, Avg Speed: 0.00 M/s, Max Resolution: None
Category: 🚂┃湾区频道, Name: TVB星河, Total: 3, Valid: 1, Valid Percent: 33.33%, IPv4: 3, IPv6: 0, Min Delay: 1650 ms, Max Speed: 0.06 M/s, Avg Speed: 0.06 M/s, Max Resolution: None
Category: 🚂┃湾区频道, Name: PopC, Total: 5, Valid: 1, Valid Percent: 20.00%, IPv4: 5, IPv6: 0, Min Delay: 66 ms, Max Speed: 0.66 M/s, Avg Speed: 0.66 M/s, Max Resolution: 1920x1080
Category: 🚂┃湾区频道, Name: 明珠台, Total: 8, Valid: 2, Valid Percent: 25.00%, IPv4: 8, IPv6: 0, Min Delay: 76 ms, Max Speed: 0.48 M/s, Avg Speed: 0.26 M/s, Max Resolution: 1920x1080
Category: 🚂┃湾区频道, Name: 美亚电影粤, Total: 1, Valid: 0, Valid Percent: 0.00%, IPv4: 1, IPv6: 0, Min Delay: -1 ms, Max Speed: 0.00 M/s, Avg Speed: 0.00 M/s, Max Resolution: None
Category: 🚂┃湾区频道, Name: 有线新闻, Total: 2, Valid: 1, Valid Percent: 50.00%, IPv4: 2, IPv6: 0, Min Delay: 66 ms, Max Speed: 0.23 M/s, Avg Speed: 0.23 M/s, Max Resolution: 1280x720
Category: 🚂┃湾区频道, Name: ROCK Action, Total: 4, Valid: 1, Valid Percent: 25.00%, IPv4: 4, IPv6: 0, Min Delay: 10584 ms, Max Speed: 0.15 M/s, Avg Speed: 0.15 M/s, Max Resolution: 1920x1080
Category: 🚂┃湾区频道, Name: 三立台湾, Total: 2, Valid: 0, Valid Percent: 0.00%, IPv4: 2, IPv6: 0, Min Delay: -1 ms, Max Speed: 0.00 M/s, Avg Speed: 0.00 M/s, Max Resolution: None
Category: 🚂┃湾区频道, Name: 美亚电影台, Total: 2, Valid: 1, Valid Percent: 50.00%, IPv4: 2, IPv6: 0, Min Delay: 91 ms, Max Speed: 0.66 M/s, Avg Speed: 0.66 M/s, Max Resolution: 1920x1080
Category: 🚂┃湾区频道, Name: Animax, Total: 9, Valid: 0, Valid Percent: 0.00%, IPv4: 9, IPv6: 0, Min Delay: -1 ms, Max Speed: 0.00 M/s, Avg Speed: 0.00 M/s, Max Resolution: None
Category: 🚂┃湾区频道, Name: 美亞電影台(HK), Total: 2, Valid: 0, Valid Percent: 0.00%, IPv4: 2, IPv6: 0, Min Delay: -1 ms, Max Speed: 0.00 M/s, Avg Speed: 0.00 M/s, Max Resolution: None
Category: 🚂┃湾区频道, Name: Now剧集, Total: 2, Valid: 0, Valid Percent: 0.00%, IPv4: 2, IPv6: 0, Min Delay: -1 ms, Max Speed: 0.00 M/s, Avg Speed: 0.00 M/s, Max Resolution: None
Category: 🚂┃湾区频道, Name: Now华剧, Total: 1, Valid: 0, Valid Percent: 0.00%, IPv4: 1, IPv6: 0, Min Delay: -1 ms, Max Speed: 0.00 M/s, Avg Speed: 0.00 M/s, Max Resolution: None
Category: 🚂┃湾区频道, Name: 东森超视, Total: 4, Valid: 1, Valid Percent: 25.00%, IPv4: 4, IPv6: 0, Min Delay: 2096 ms, Max Speed: 0.64 M/s, Avg Speed: 0.64 M/s, Max Resolution: 1920x1080
Category: 🚂┃湾区频道, Name: 靖天资讯, Total: 4, Valid: 0, Valid Percent: 0.00%, IPv4: 4, IPv6: 0, Min Delay: -1 ms, Max Speed: 0.00 M/s, Avg Speed: 0.00 M/s, Max Resolution: None
Category: 🚂┃湾区频道, Name: 中天亞洲台, Total: 2, Valid: 0, Valid Percent: 0.00%, IPv4: 2, IPv6: 0, Min Delay: -1 ms, Max Speed: 0.00 M/s, Avg Speed: 0.00 M/s, Max Resolution: None
Category: 🚂┃湾区频道, Name: 中天新聞台, Total: 1, Valid: 0, Valid Percent: 0.00%, IPv4: 1, IPv6: 0, Min Delay: -1 ms, Max Speed: 0.00 M/s, Avg Speed: 0.00 M/s, Max Resolution: None
Category: 🚂┃湾区频道, Name: 千禧經典台, Total: 1, Valid: 0, Valid Percent: 0.00%, IPv4: 1, IPv6: 0, Min Delay: -1 ms, Max Speed: 0.00 M/s, Avg Speed: 0.00 M/s, Max Resolution: None
Category: 🚂┃湾区频道, Name: TVBS亚洲, Total: 3, Valid: 2, Valid Percent: 66.67%, IPv4: 3, IPv6: 0, Min Delay: 1519 ms, Max Speed: 0.72 M/s, Avg Speed: 0.59 M/s, Max Resolution: 1920x1080
Category: 🚂┃湾区频道, Name: 愛爾達影劇台, Total: 1, Valid: 0, Valid Percent: 0.00%, IPv4: 1, IPv6: 0, Min Delay: -1 ms, Max Speed: 0.00 M/s, Avg Speed: 0.00 M/s, Max Resolution: None
Category: 🚂┃湾区频道, Name: BBC Earth, Total: 1, Valid: 0, Valid Percent: 0.00%, IPv4: 1, IPv6: 0, Min Delay: -1 ms, Max Speed: 0.00 M/s, Avg Speed: 0.00 M/s, Max Resolution: None
Category: 🚂┃湾区频道, Name: BBC Lifestyle, Total: 1, Valid: 0, Valid Percent: 0.00%, IPv4: 1, IPv6: 0, Min Delay: -1 ms, Max Speed: 0.00 M/s, Avg Speed: 0.00 M/s, Max Resolution: None
Category: 🚂┃湾区频道, Name: 纬来体育, Total: 3, Valid: 0, Valid Percent: 0.00%, IPv4: 3, IPv6: 0, Min Delay: 4055 ms, Max Speed: 0.00 M/s, Avg Speed: 0.00 M/s, Max Resolution: 1280x720
Category: 🚂┃湾区频道, Name: 纬来育乐, Total: 5, Valid: 0, Valid Percent: 0.00%, IPv4: 5, IPv6: 0, Min Delay: 3433 ms, Max Speed: 0.00 M/s, Avg Speed: 0.00 M/s, Max Resolution: 1280x720
Category: 🚂┃湾区频道, Name: Discovery Asia, Total: 3, Valid: 0, Valid Percent: 0.00%, IPv4: 3, IPv6: 0, Min Delay: -1 ms, Max Speed: 0.00 M/s, Avg Speed: 0.00 M/s, Max Resolution: None
Category: 🚂┃湾区频道, Name: Eurosport, Total: 1, Valid: 0, Valid Percent: 0.00%, IPv4: 1, IPv6: 0, Min Delay: -1 ms, Max Speed: 0.00 M/s, Avg Speed: 0.00 M/s, Max Resolution: None
Category: 🚂┃湾区频道, Name: TVB Plus, Total: 12, Valid: 2, Valid Percent: 16.67%, IPv4: 12, IPv6: 0, Min Delay: 73 ms, Max Speed: 5.16 M/s, Avg Speed: 3.82 M/s, Max Resolution: 1920x1080
Category: 🚂┃湾区频道, Name: 三立新闻, Total: 2, Valid: 0, Valid Percent: 0.00%, IPv4: 2, IPv6: 0, Min Delay: -1 ms, Max Speed: 0.00 M/s, Avg Speed: 0.00 M/s, Max Resolution: None
Category: 🚂┃湾区频道, Name: 东森综合, Total: 3, Valid: 0, Valid Percent: 0.00%, IPv4: 3, IPv6: 0, Min Delay: -1 ms, Max Speed: 0.00 M/s, Avg Speed: 0.00 M/s, Max Resolution: None
Category: 🅱┃台湾频道, Name: 中天亚洲台, Total: 1, Valid: 0, Valid Percent: 0.00%, IPv4: 1, IPv6: 0, Min Delay: -1 ms, Max Speed: 0.00 M/s, Avg Speed: 0.00 M/s, Max Resolution: None
Category: 🅱┃台湾频道, Name: HBO_HD, Total: 1, Valid: 0, Valid Percent: 0.00%, IPv4: 1, IPv6: 0, Min Delay: -1 ms, Max Speed: 0.00 M/s, Avg Speed: 0.00 M/s, Max Resolution: None
Category: 🅱┃台湾频道, Name: HBO_HITS, Total: 1, Valid: 0, Valid Percent: 0.00%, IPv4: 1, IPv6: 0, Min Delay: -1 ms, Max Speed: 0.00 M/s, Avg Speed: 0.00 M/s, Max Resolution: None
Category: 🚂┃湾区频道, Name: Bloomberg TV, Total: 4, Valid: 1, Valid Percent: 25.00%, IPv4: 4, IPv6: 0, Min Delay: 10511 ms, Max Speed: 0.11 M/s, Avg Speed: 0.11 M/s, Max Resolution: 1920x1080
Category: 🚂┃湾区频道, Name: Global Trekker, Total: 1, Valid: 1, Valid Percent: 100.00%, IPv4: 1, IPv6: 0, Min Delay: 10075 ms, Max Speed: 0.09 M/s, Avg Speed: 0.09 M/s, Max Resolution: 1920x1080
Category: 🚂┃湾区频道, Name: 星卫娱乐, Total: 2, Valid: 1, Valid Percent: 50.00%, IPv4: 2, IPv6: 0, Min Delay: 10774 ms, Max Speed: 0.00 M/s, Avg Speed: 0.00 M/s, Max Resolution: 1920x1080
Category: 🚂┃湾区频道, Name: 靖天電影台, Total: 3, Valid: 1, Valid Percent: 33.33%, IPv4: 3, IPv6: 0, Min Delay: 37 ms, Max Speed: 0.62 M/s, Avg Speed: 0.62 M/s, Max Resolution: 1920x1080
Category: 🚂┃湾区频道, Name: BBC NEWS, Total: 1, Valid: 1, Valid Percent: 100.00%, IPv4: 1, IPv6: 0, Min Delay: 2588 ms, Max Speed: 0.64 M/s, Avg Speed: 0.64 M/s, Max Resolution: None
Category: 🅱┃台湾频道, Name: 大爱1台, Total: 1, Valid: 0, Valid Percent: 0.00%, IPv4: 1, IPv6: 0, Min Delay: -1 ms, Max Speed: 0.00 M/s, Avg Speed: 0.00 M/s, Max Resolution: None
Category: 🚂┃湾区频道, Name: 东森电影, Total: 4, Valid: 0, Valid Percent: 0.00%, IPv4: 4, IPv6: 0, Min Delay: -1 ms, Max Speed: 0.00 M/s, Avg Speed: 0.00 M/s, Max Resolution: None
Category: 🅱┃台湾频道, Name: 靖天国际台, Total: 1, Valid: 0, Valid Percent: 0.00%, IPv4: 1, IPv6: 0, Min Delay: -1 ms, Max Speed: 0.00 M/s, Avg Speed: 0.00 M/s, Max Resolution: None
Category: 🅱┃台湾频道, Name: 纬来精彩, Total: 1, Valid: 0, Valid Percent: 0.00%, IPv4: 1, IPv6: 0, Min Delay: -1 ms, Max Speed: 0.00 M/s, Avg Speed: 0.00 M/s, Max Resolution: None
Category: 🅱┃台湾频道, Name: 大爱2台, Total: 1, Valid: 0, Valid Percent: 0.00%, IPv4: 1, IPv6: 0, Min Delay: -1 ms, Max Speed: 0.00 M/s, Avg Speed: 0.00 M/s, Max Resolution: None
Category: 🅱┃台湾频道, Name: CINEMAX, Total: 9, Valid: 3, Valid Percent: 33.33%, IPv4: 9, IPv6: 0, Min Delay: 46 ms, Max Speed: 0.69 M/s, Avg Speed: 0.61 M/s, Max Resolution: 1920x1080
Category: 🅱┃台湾频道, Name: 寰宇财经, Total: 4, Valid: 2, Valid Percent: 50.00%, IPv4: 4, IPv6: 0, Min Delay: 8447 ms, Max Speed: 0.14 M/s, Avg Speed: 0.14 M/s, Max Resolution: 1920x1080
Category: 🅱┃台湾频道, Name: 靖天卡通台, Total: 1, Valid: 0, Valid Percent: 0.00%, IPv4: 1, IPv6: 0, Min Delay: -1 ms, Max Speed: 0.00 M/s, Avg Speed: 0.00 M/s, Max Resolution: None
Category: 🅱┃台湾频道, Name: 博斯无限, Total: 4, Valid: 0, Valid Percent: 0.00%, IPv4: 4, IPv6: 0, Min Delay: -1 ms, Max Speed: 0.00 M/s, Avg Speed: 0.00 M/s, Max Resolution: None
Category: 🅱┃台湾频道, Name: 美亚电影, Total: 6, Valid: 0, Valid Percent: 0.00%, IPv4: 6, IPv6: 0, Min Delay: -1 ms, Max Speed: 0.00 M/s, Avg Speed: 0.00 M/s, Max Resolution: None
Category: 🅱┃台湾频道, Name: 年代新闻, Total: 7, Valid: 0, Valid Percent: 0.00%, IPv4: 7, IPv6: 0, Min Delay: -1 ms, Max Speed: 0.00 M/s, Avg Speed: 0.00 M/s, Max Resolution: None
Category: 📚┃浙江频道, Name: 浙江生活, Total: 3, Valid: 3, Valid Percent: 100.00%, IPv4: 3, IPv6: 0, Min Delay: 1046 ms, Max Speed: 0.33 M/s, Avg Speed: 0.28 M/s, Max Resolution: 1920x1080
Category: 🚂┃湾区频道, Name: Love Nature, Total: 8, Valid: 1, Valid Percent: 12.50%, IPv4: 8, IPv6: 0, Min Delay: 10316 ms, Max Speed: 0.12 M/s, Avg Speed: 0.12 M/s, Max Resolution: 1920x1080
Category: 📚┃浙江频道, Name: 浙江钱江都市, Total: 1, Valid: 1, Valid Percent: 100.00%, IPv4: 1, IPv6: 0, Min Delay: 2299 ms, Max Speed: 0.11 M/s, Avg Speed: 0.11 M/s, Max Resolution: 1920x1080
Category: 📚┃浙江频道, Name: 浙江教育, Total: 2, Valid: 2, Valid Percent: 100.00%, IPv4: 2, IPv6: 0, Min Delay: 1183 ms, Max Speed: 0.31 M/s, Avg Speed: 0.31 M/s, Max Resolution: 1920x1080
Category: 📚┃浙江频道, Name: 浙江民生, Total: 4, Valid: 4, Valid Percent: 100.00%, IPv4: 4, IPv6: 0, Min Delay: 1012 ms, Max Speed: 0.35 M/s, Avg Speed: 0.29 M/s, Max Resolution: 1920x1080
Category: 📚┃浙江频道, Name: 浙江经济生活, Total: 5, Valid: 4, Valid Percent: 80.00%, IPv4: 5, IPv6: 0, Min Delay: 1012 ms, Max Speed: 0.29 M/s, Avg Speed: 0.13 M/s, Max Resolution: 1920x1080
Category: 🅱┃台湾频道, Name: 龙华偶像, Total: 10, Valid: 1, Valid Percent: 10.00%, IPv4: 10, IPv6: 0, Min Delay: 381 ms, Max Speed: 22.46 M/s, Avg Speed: 22.46 M/s, Max Resolution: None
Category: 📚┃浙江频道, Name: 浙江新闻, Total: 7, Valid: 7, Valid Percent: 100.00%, IPv4: 7, IPv6: 0, Min Delay: 1013 ms, Max Speed: 0.38 M/s, Avg Speed: 0.26 M/s, Max Resolution: 1920x1080
Category: 🅱┃台湾频道, Name: 亚洲美食, Total: 4, Valid: 0, Valid Percent: 0.00%, IPv4: 4, IPv6: 0, Min Delay: -1 ms, Max Speed: 0.00 M/s, Avg Speed: 0.00 M/s, Max Resolution: None
Category: 🅱┃台湾频道, Name: 美食星球, Total: 4, Valid: 0, Valid Percent: 0.00%, IPv4: 4, IPv6: 0, Min Delay: -1 ms, Max Speed: 0.00 M/s, Avg Speed: 0.00 M/s, Max Resolution: None
Category: 📚┃浙江频道, Name: 浙江少儿, Total: 8, Valid: 6, Valid Percent: 75.00%, IPv4: 8, IPv6: 0, Min Delay: 1041 ms, Max Speed: 0.60 M/s, Avg Speed: 0.29 M/s, Max Resolution: 1920x1080
Category: 📚┃浙江频道, Name: 浙江钱江, Total: 6, Valid: 5, Valid Percent: 83.33%, IPv4: 6, IPv6: 0, Min Delay: 1011 ms, Max Speed: 0.31 M/s, Avg Speed: 0.28 M/s, Max Resolution: 1920x1080
Category: 📚┃浙江频道, Name: 杭州综合, Total: 2, Valid: 0, Valid Percent: 0.00%, IPv4: 2, IPv6: 0, Min Delay: -1 ms, Max Speed: 0.00 M/s, Avg Speed: 0.00 M/s, Max Resolution: None
Category: 📚┃浙江频道, Name: 杭州西湖明珠, Total: 2, Valid: 0, Valid Percent: 0.00%, IPv4: 2, IPv6: 0, Min Delay: -1 ms, Max Speed: 0.00 M/s, Avg Speed: 0.00 M/s, Max Resolution: None
Category: 📚┃浙江频道, Name: 杭州影视, Total: 2, Valid: 0, Valid Percent: 0.00%, IPv4: 2, IPv6: 0, Min Delay: -1 ms, Max Speed: 0.00 M/s, Avg Speed: 0.00 M/s, Max Resolution: None
Category: 📚┃浙江频道, Name: 杭州生活, Total: 2, Valid: 0, Valid Percent: 0.00%, IPv4: 2, IPv6: 0, Min Delay: -1 ms, Max Speed: 0.00 M/s, Avg Speed: 0.00 M/s, Max Resolution: None
Category: 📚┃浙江频道, Name: 杭州青少, Total: 2, Valid: 0, Valid Percent: 0.00%, IPv4: 2, IPv6: 0, Min Delay: -1 ms, Max Speed: 0.00 M/s, Avg Speed: 0.00 M/s, Max Resolution: None
Category: 📚┃浙江频道, Name: 之江纪录, Total: 3, Valid: 3, Valid Percent: 100.00%, IPv4: 3, IPv6: 0, Min Delay: 1009 ms, Max Speed: 0.34 M/s, Avg Speed: 0.30 M/s, Max Resolution: 1920x1080
Category: 📚┃浙江频道, Name: 杭州导视, Total: 2, Valid: 0, Valid Percent: 0.00%, IPv4: 2, IPv6: 0, Min Delay: -1 ms, Max Speed: 0.00 M/s, Avg Speed: 0.00 M/s, Max Resolution: None
Category: 📚┃浙江频道, Name: 浙江教科, Total: 2, Valid: 2, Valid Percent: 100.00%, IPv4: 2, IPv6: 0, Min Delay: 1024 ms, Max Speed: 0.29 M/s, Avg Speed: 0.28 M/s, Max Resolution: 1920x1080
Category: 📚┃浙江频道, Name: NBTV-1, Total: 2, Valid: 0, Valid Percent: 0.00%, IPv4: 2, IPv6: 0, Min Delay: -1 ms, Max Speed: 0.00 M/s, Avg Speed: 0.00 M/s, Max Resolution: None
Category: 📚┃浙江频道, Name: NBTV-2, Total: 2, Valid: 0, Valid Percent: 0.00%, IPv4: 2, IPv6: 0, Min Delay: -1 ms, Max Speed: 0.00 M/s, Avg Speed: 0.00 M/s, Max Resolution: None
Category: 📚┃浙江频道, Name: 浙江国际, Total: 7, Valid: 5, Valid Percent: 71.43%, IPv4: 7, IPv6: 0, Min Delay: 1034 ms, Max Speed: 0.33 M/s, Avg Speed: 0.26 M/s, Max Resolution: 1920x1080
Category: 📚┃浙江频道, Name: 浙江民生休闲, Total: 1, Valid: 1, Valid Percent: 100.00%, IPv4: 1, IPv6: 0, Min Delay: 1634 ms, Max Speed: 0.14 M/s, Avg Speed: 0.14 M/s, Max Resolution: 1920x1080
Category: 📚┃浙江频道, Name: 浙江留学, Total: 1, Valid: 1, Valid Percent: 100.00%, IPv4: 1, IPv6: 0, Min Delay: 1328 ms, Max Speed: 0.25 M/s, Avg Speed: 0.25 M/s, Max Resolution: 1920x1080
Category: 📚┃浙江频道, Name: 浙江数码时代, Total: 1, Valid: 1, Valid Percent: 100.00%, IPv4: 1, IPv6: 0, Min Delay: 1308 ms, Max Speed: 0.30 M/s, Avg Speed: 0.30 M/s, Max Resolution: 1920x1080
Category: 📚┃浙江频道, Name: 浙江教科影视, Total: 1, Valid: 1, Valid Percent: 100.00%, IPv4: 1, IPv6: 0, Min Delay: 1706 ms, Max Speed: 0.12 M/s, Avg Speed: 0.12 M/s, Max Resolution: 1920x1080
Category: 📚┃浙江频道, Name: NBTV-3, Total: 2, Valid: 0, Valid Percent: 0.00%, IPv4: 2, IPv6: 0, Min Delay: -1 ms, Max Speed: 0.00 M/s, Avg Speed: 0.00 M/s, Max Resolution: None
Category: 📚┃浙江频道, Name: 松阳综合, Total: 1, Valid: 0, Valid Percent: 0.00%, IPv4: 1, IPv6: 0, Min Delay: -1 ms, Max Speed: 0.00 M/s, Avg Speed: 0.00 M/s, Max Resolution: None
Category: 📚┃浙江频道, Name: 数码时代, Total: 2, Valid: 0, Valid Percent: 0.00%, IPv4: 2, IPv6: 0, Min Delay: -1 ms, Max Speed: 0.00 M/s, Avg Speed: 0.00 M/s, Max Resolution: None
Category: 📚┃浙江频道, Name: 嘉兴新闻综合, Total: 1, Valid: 1, Valid Percent: 100.00%, IPv4: 1, IPv6: 0, Min Delay: 2617 ms, Max Speed: 0.69 M/s, Avg Speed: 0.69 M/s, Max Resolution: 1920x1080
Category: 📚┃浙江频道, Name: NBTV-4, Total: 2, Valid: 0, Valid Percent: 0.00%, IPv4: 2, IPv6: 0, Min Delay: -1 ms, Max Speed: 0.00 M/s, Avg Speed: 0.00 M/s, Max Resolution: None
Category: 📚┃浙江频道, Name: 青田电视台, Total: 1, Valid: 1, Valid Percent: 100.00%, IPv4: 1, IPv6: 0, Min Delay: 2237 ms, Max Speed: 0.11 M/s, Avg Speed: 0.11 M/s, Max Resolution: 1920x1080
Category: 📚┃浙江频道, Name: 中国蓝新闻, Total: 2, Valid: 2, Valid Percent: 100.00%, IPv4: 2, IPv6: 0, Min Delay: 1040 ms, Max Speed: 0.26 M/s, Avg Speed: 0.25 M/s, Max Resolution: 1920x1080
Category: 📚┃浙江频道, Name: 苍南新闻综合, Total: 1, Valid: 1, Valid Percent: 100.00%, IPv4: 1, IPv6: 0, Min Delay: 2546 ms, Max Speed: 0.07 M/s, Avg Speed: 0.07 M/s, Max Resolution: 1920x1080
Category: 📚┃浙江频道, Name: 象山综合, Total: 1, Valid: 1, Valid Percent: 100.00%, IPv4: 1, IPv6: 0, Min Delay: 9307 ms, Max Speed: 0.32 M/s, Avg Speed: 0.32 M/s, Max Resolution: 1920x1080
Category: 📚┃浙江频道, Name: 鄞州一套, Total: 1, Valid: 0, Valid Percent: 0.00%, IPv4: 1, IPv6: 0, Min Delay: -1 ms, Max Speed: 0.00 M/s, Avg Speed: 0.00 M/s, Max Resolution: None
Category: 📚┃浙江频道, Name: 鄞州二套, Total: 1, Valid: 0, Valid Percent: 0.00%, IPv4: 1, IPv6: 0, Min Delay: -1 ms, Max Speed: 0.00 M/s, Avg Speed: 0.00 M/s, Max Resolution: None
Category: 📚┃浙江频道, Name: 浙江经济, Total: 1, Valid: 0, Valid Percent: 0.00%, IPv4: 1, IPv6: 0, Min Delay: -1 ms, Max Speed: 0.00 M/s, Avg Speed: 0.00 M/s, Max Resolution: None
Category: 📚┃浙江频道, Name: 海宁生活服务, Total: 1, Valid: 0, Valid Percent: 0.00%, IPv4: 1, IPv6: 0, Min Delay: -1 ms, Max Speed: 0.00 M/s, Avg Speed: 0.00 M/s, Max Resolution: None
Category: 📚┃北京频道, Name: 北京卡酷少儿, Total: 25, Valid: 8, Valid Percent: 32.00%, IPv4: 25, IPv6: 0, Min Delay: 482 ms, Max Speed: 1.38 M/s, Avg Speed: 0.54 M/s, Max Resolution: 1920x1080
Category: 📚┃上海频道, Name: 七彩戏剧, Total: 2, Valid: 0, Valid Percent: 0.00%, IPv4: 2, IPv6: 0, Min Delay: -1 ms, Max Speed: 0.00 M/s, Avg Speed: 0.00 M/s, Max Resolution: None
Category: 📚┃上海频道, Name: 上海外语, Total: 2, Valid: 0, Valid Percent: 0.00%, IPv4: 2, IPv6: 0, Min Delay: -1 ms, Max Speed: 0.00 M/s, Avg Speed: 0.00 M/s, Max Resolution: None
Category: 📚┃上海频道, Name: 上海第一财经, Total: 10, Valid: 9, Valid Percent: 90.00%, IPv4: 10, IPv6: 0, Min Delay: 17 ms, Max Speed: 18.77 M/s, Avg Speed: 16.01 M/s, Max Resolution: 1920x1080
Category: 📚┃上海频道, Name: 东方影视, Total: 4, Valid: 0, Valid Percent: 0.00%, IPv4: 4, IPv6: 0, Min Delay: -1 ms, Max Speed: 0.00 M/s, Avg Speed: 0.00 M/s, Max Resolution: None
Category: 📚┃北京频道, Name: 北京新闻, Total: 8, Valid: 6, Valid Percent: 75.00%, IPv4: 8, IPv6: 0, Min Delay: 15 ms, Max Speed: 7.38 M/s, Avg Speed: 1.59 M/s, Max Resolution: 1920x1080
Category: 📚┃北京频道, Name: 北京财经, Total: 7, Valid: 5, Valid Percent: 71.43%, IPv4: 7, IPv6: 0, Min Delay: 476 ms, Max Speed: 0.96 M/s, Avg Speed: 0.39 M/s, Max Resolution: 1920x1080
Category: 📚┃北京频道, Name: 北京生活, Total: 7, Valid: 6, Valid Percent: 85.71%, IPv4: 7, IPv6: 0, Min Delay: 475 ms, Max Speed: 1.01 M/s, Avg Speed: 0.30 M/s, Max Resolution: 1920x1080
Category: 📚┃上海频道, Name: 上海教育, Total: 2, Valid: 0, Valid Percent: 0.00%, IPv4: 2, IPv6: 0, Min Delay: -1 ms, Max Speed: 0.00 M/s, Avg Speed: 0.00 M/s, Max Resolution: None
Category: 📚┃上海频道, Name: 上海新闻综合, Total: 10, Valid: 8, Valid Percent: 80.00%, IPv4: 10, IPv6: 0, Min Delay: 49 ms, Max Speed: 19.64 M/s, Avg Speed: 18.19 M/s, Max Resolution: 1920x1080
Category: 📚┃上海频道, Name: 上海都市, Total: 3, Valid: 0, Valid Percent: 0.00%, IPv4: 3, IPv6: 0, Min Delay: -1 ms, Max Speed: 0.00 M/s, Avg Speed: 0.00 M/s, Max Resolution: None
Category: 📚┃上海频道, Name: 东方财经, Total: 4, Valid: 0, Valid Percent: 0.00%, IPv4: 4, IPv6: 0, Min Delay: -1 ms, Max Speed: 0.00 M/s, Avg Speed: 0.00 M/s, Max Resolution: None
Category: 📚┃上海频道, Name: 全纪实, Total: 2, Valid: 1, Valid Percent: 50.00%, IPv4: 2, IPv6: 0, Min Delay: 6518 ms, Max Speed: 0.40 M/s, Avg Speed: 0.40 M/s, Max Resolution: 1920x1080
Category: 📚┃上海频道, Name: 嘉定电视台, Total: 1, Valid: 0, Valid Percent: 0.00%, IPv4: 1, IPv6: 0, Min Delay: -1 ms, Max Speed: 0.00 M/s, Avg Speed: 0.00 M/s, Max Resolution: None
Category: 📚┃上海频道, Name: 崇明电视台, Total: 2, Valid: 0, Valid Percent: 0.00%, IPv4: 2, IPv6: 0, Min Delay: -1 ms, Max Speed: 0.00 M/s, Avg Speed: 0.00 M/s, Max Resolution: None
Category: 📚┃上海频道, Name: 动漫秀场, Total: 9, Valid: 0, Valid Percent: 0.00%, IPv4: 9, IPv6: 0, Min Delay: -1 ms, Max Speed: 0.00 M/s, Avg Speed: 0.00 M/s, Max Resolution: None
Category: 📚┃上海频道, Name: 新闻综合, Total: 4, Valid: 2, Valid Percent: 50.00%, IPv4: 4, IPv6: 0, Min Delay: 3511 ms, Max Speed: 0.41 M/s, Avg Speed: 0.21 M/s, Max Resolution: 1920x1080
Category: 📚┃上海频道, Name: 哈哈炫动, Total: 13, Valid: 0, Valid Percent: 0.00%, IPv4: 13, IPv6: 0, Min Delay: -1 ms, Max Speed: 0.00 M/s, Avg Speed: 0.00 M/s, Max Resolution: None
Category: 📚┃上海频道, Name: 欢笑剧场, Total: 11, Valid: 0, Valid Percent: 0.00%, IPv4: 11, IPv6: 0, Min Delay: -1 ms, Max Speed: 0.00 M/s, Avg Speed: 0.00 M/s, Max Resolution: None
Category: 📚┃上海频道, Name: 法治天地, Total: 11, Valid: 1, Valid Percent: 9.09%, IPv4: 11, IPv6: 0, Min Delay: 526 ms, Max Speed: 0.33 M/s, Avg Speed: 0.33 M/s, Max Resolution: 1920x1080
Category: 📚┃上海频道, Name: 金山电视台, Total: 3, Valid: 0, Valid Percent: 0.00%, IPv4: 3, IPv6: 0, Min Delay: -1 ms, Max Speed: 0.00 M/s, Avg Speed: 0.00 M/s, Max Resolution: None
Category: 📚┃上海频道, Name: 生活时尚, Total: 6, Valid: 0, Valid Percent: 0.00%, IPv4: 6, IPv6: 0, Min Delay: -1 ms, Max Speed: 0.00 M/s, Avg Speed: 0.00 M/s, Max Resolution: None
Category: 📚┃重庆频道, Name: 万源新闻综合, Total: 2, Valid: 0, Valid Percent: 0.00%, IPv4: 2, IPv6: 0, Min Delay: -1 ms, Max Speed: 0.00 M/s, Avg Speed: 0.00 M/s, Max Resolution: None
Category: 📚┃上海频道, Name: 第一财经, Total: 4, Valid: 1, Valid Percent: 25.00%, IPv4: 4, IPv6: 0, Min Delay: 10 ms, Max Speed: 10.11 M/s, Avg Speed: 10.11 M/s, Max Resolution: None
Category: 📚┃重庆频道, Name: 荣昌综合, Total: 1, Valid: 1, Valid Percent: 100.00%, IPv4: 1, IPv6: 0, Min Delay: 2689 ms, Max Speed: 0.21 M/s, Avg Speed: 0.21 M/s, Max Resolution: 720x404
Category: 📚┃重庆频道, Name: 涪陵电视台, Total: 1, Valid: 1, Valid Percent: 100.00%, IPv4: 1, IPv6: 0, Min Delay: 1937 ms, Max Speed: 0.11 M/s, Avg Speed: 0.11 M/s, Max Resolution: 1920x1080
Category: 📚┃重庆频道, Name: 大足综合, Total: 1, Valid: 0, Valid Percent: 0.00%, IPv4: 1, IPv6: 0, Min Delay: -1 ms, Max Speed: 0.00 M/s, Avg Speed: 0.00 M/s, Max Resolution: None
Category: 📚┃重庆频道, Name: 潼南综合, Total: 1, Valid: 1, Valid Percent: 100.00%, IPv4: 1, IPv6: 0, Min Delay: 6721 ms, Max Speed: 0.22 M/s, Avg Speed: 0.22 M/s, Max Resolution: 1920x1080
Category: 📚┃重庆频道, Name: 万州综合, Total: 1, Valid: 0, Valid Percent: 0.00%, IPv4: 1, IPv6: 0, Min Delay: -1 ms, Max Speed: 0.00 M/s, Avg Speed: 0.00 M/s, Max Resolution: None
Category: 📚┃重庆频道, Name: 璧山综合, Total: 2, Valid: 2, Valid Percent: 100.00%, IPv4: 2, IPv6: 0, Min Delay: 10109 ms, Max Speed: 0.35 M/s, Avg Speed: 0.34 M/s, Max Resolution: 1920x1080
Category: 📚┃上海频道, Name: 都市剧场, Total: 14, Valid: 1, Valid Percent: 7.14%, IPv4: 14, IPv6: 0, Min Delay: 32 ms, Max Speed: 3.35 M/s, Avg Speed: 3.35 M/s, Max Resolution: None
Category: 📚┃重庆频道, Name: 重庆新闻, Total: 3, Valid: 0, Valid Percent: 0.00%, IPv4: 3, IPv6: 0, Min Delay: -1 ms, Max Speed: 0.00 M/s, Avg Speed: 0.00 M/s, Max Resolution: 1920x1080
Category: 📚┃重庆频道, Name: 重庆时尚购物, Total: 1, Valid: 0, Valid Percent: 0.00%, IPv4: 1, IPv6: 0, Min Delay: -1 ms, Max Speed: 0.00 M/s, Avg Speed: 0.00 M/s, Max Resolution: None
Category: 📚┃重庆频道, Name: 万州三峡移民, Total: 3, Valid: 1, Valid Percent: 33.33%, IPv4: 3, IPv6: 0, Min Delay: 1439 ms, Max Speed: 0.06 M/s, Avg Speed: 0.06 M/s, Max Resolution: 720x576
Category: 📚┃重庆频道, Name: 江津新闻综合, Total: 2, Valid: 2, Valid Percent: 100.00%, IPv4: 2, IPv6: 0, Min Delay: 10041 ms, Max Speed: 0.04 M/s, Avg Speed: 0.03 M/s, Max Resolution: 1920x1080
Category: 📚┃重庆频道, Name: 重庆汽摩, Total: 2, Valid: 1, Valid Percent: 50.00%, IPv4: 2, IPv6: 0, Min Delay: 10271 ms, Max Speed: 0.12 M/s, Avg Speed: 0.12 M/s, Max Resolution: 1920x1080
Category: 📚┃重庆频道, Name: 垫江综合, Total: 3, Valid: 1, Valid Percent: 33.33%, IPv4: 3, IPv6: 0, Min Delay: 2344 ms, Max Speed: 0.03 M/s, Avg Speed: 0.03 M/s, Max Resolution: 1920x1080
Category: 🎬┃电影频道, Name: CHC家庭影院, Total: 19, Valid: 10, Valid Percent: 52.63%, IPv4: 19, IPv6: 0, Min Delay: 52 ms, Max Speed: 20.49 M/s, Avg Speed: 16.61 M/s, Max Resolution: 1920x1080
Category: 🎬┃电影频道, Name: CHC动作电影, Total: 20, Valid: 11, Valid Percent: 55.00%, IPv4: 20, IPv6: 0, Min Delay: 50 ms, Max Speed: 20.46 M/s, Avg Speed: 14.34 M/s, Max Resolution: 1920x1080
Category: 🎬┃电影频道, Name: 动作电影, Total: 6, Valid: 0, Valid Percent: 0.00%, IPv4: 6, IPv6: 0, Min Delay: -1 ms, Max Speed: 0.00 M/s, Avg Speed: 0.00 M/s, Max Resolution: None
Category: 🎬┃电影频道, Name: CHC高清电影, Total: 2, Valid: 0, Valid Percent: 0.00%, IPv4: 2, IPv6: 0, Min Delay: -1 ms, Max Speed: 0.00 M/s, Avg Speed: 0.00 M/s, Max Resolution: None
Category: 🎬┃电影频道, Name: 淘剧场, Total: 4, Valid: 4, Valid Percent: 100.00%, IPv4: 4, IPv6: 0, Min Delay: 475 ms, Max Speed: 0.43 M/s, Avg Speed: 0.22 M/s, Max Resolution: 1920x1080
Category: 🎬┃电影频道, Name: 靖天映画, Total: 7, Valid: 0, Valid Percent: 0.00%, IPv4: 7, IPv6: 0, Min Delay: -1 ms, Max Speed: 0.00 M/s, Avg Speed: 0.00 M/s, Max Resolution: None
Category: 🎬┃电影频道, Name: 淘娱乐, Total: 4, Valid: 4, Valid Percent: 100.00%, IPv4: 4, IPv6: 0, Min Delay: 476 ms, Max Speed: 0.79 M/s, Avg Speed: 0.31 M/s, Max Resolution: 1920x1080
Category: 🎬┃电影频道, Name: 靖天戏剧, Total: 5, Valid: 0, Valid Percent: 0.00%, IPv4: 5, IPv6: 0, Min Delay: -1 ms, Max Speed: 0.00 M/s, Avg Speed: 0.00 M/s, Max Resolution: None
Category: 🎬┃电影频道, Name: IPTV经典电影, Total: 1, Valid: 0, Valid Percent: 0.00%, IPv4: 1, IPv6: 0, Min Delay: -1 ms, Max Speed: 0.00 M/s, Avg Speed: 0.00 M/s, Max Resolution: 1920x1080
Category: 🎬┃电影频道, Name: 无线星河, Total: 2, Valid: 0, Valid Percent: 0.00%, IPv4: 2, IPv6: 0, Min Delay: -1 ms, Max Speed: 0.00 M/s, Avg Speed: 0.00 M/s, Max Resolution: None
Category: 🎬┃电影频道, Name: 淘电影, Total: 5, Valid: 5, Valid Percent: 100.00%, IPv4: 5, IPv6: 0, Min Delay: 485 ms, Max Speed: 0.85 M/s, Avg Speed: 0.34 M/s, Max Resolution: 1920x1080
Category: 🎬┃电影频道, Name: 私人影院, Total: 2, Valid: 0, Valid Percent: 0.00%, IPv4: 2, IPv6: 0, Min Delay: -1 ms, Max Speed: 0.00 M/s, Avg Speed: 0.00 M/s, Max Resolution: None
Category: 🎬┃电影频道, Name: 龙祥电影, Total: 4, Valid: 0, Valid Percent: 0.00%, IPv4: 4, IPv6: 0, Min Delay: -1 ms, Max Speed: 0.00 M/s, Avg Speed: 0.00 M/s, Max Resolution: None
Category: 🎬┃电影频道, Name: NewTV惊悚悬疑, Total: 4, Valid: 1, Valid Percent: 25.00%, IPv4: 4, IPv6: 0, Min Delay: 47 ms, Max Speed: 20.07 M/s, Avg Speed: 20.07 M/s, Max Resolution: 1920x1080
Category: 💰┃付费频道, Name: 文化精品, Total: 3, Valid: 1, Valid Percent: 33.33%, IPv4: 3, IPv6: 0, Min Delay: 462 ms, Max Speed: 9.98 M/s, Avg Speed: 9.98 M/s, Max Resolution: 1920x1080
Category: 🎬┃电影频道, Name: NewTV动作电影, Total: 2, Valid: 1, Valid Percent: 50.00%, IPv4: 2, IPv6: 0, Min Delay: 58 ms, Max Speed: 17.61 M/s, Avg Speed: 17.61 M/s, Max Resolution: 1920x1080
Category: 🎬┃电影频道, Name: 天映经典, Total: 10, Valid: 1, Valid Percent: 10.00%, IPv4: 10, IPv6: 0, Min Delay: 59 ms, Max Speed: 0.64 M/s, Avg Speed: 0.64 M/s, Max Resolution: 1920x1080
Category: 🎬┃电影频道, Name: 纬来电影, Total: 7, Valid: 0, Valid Percent: 0.00%, IPv4: 7, IPv6: 0, Min Delay: -1 ms, Max Speed: 0.00 M/s, Avg Speed: 0.00 M/s, Max Resolution: None
Category: 🎬┃电影频道, Name: 星空卫视, Total: 5, Valid: 3, Valid Percent: 60.00%, IPv4: 5, IPv6: 0, Min Delay: 5292 ms, Max Speed: 0.21 M/s, Avg Speed: 0.12 M/s, Max Resolution: 1920x1080
Category: 🎬┃电影频道, Name: 东森洋片, Total: 8, Valid: 0, Valid Percent: 0.00%, IPv4: 8, IPv6: 0, Min Delay: -1 ms, Max Speed: 0.00 M/s, Avg Speed: 0.00 M/s, Max Resolution: None
Category: 💰┃付费频道, Name: 央视台球, Total: 5, Valid: 2, Valid Percent: 40.00%, IPv4: 5, IPv6: 0, Min Delay: 216 ms, Max Speed: 9.02 M/s, Avg Speed: 6.79 M/s, Max Resolution: 1920x1080
Category: 💰┃付费频道, Name: 风云音乐, Total: 12, Valid: 4, Valid Percent: 33.33%, IPv4: 12, IPv6: 0, Min Delay: 68 ms, Max Speed: 17.43 M/s, Avg Speed: 8.17 M/s, Max Resolution: 1920x1080
Category: 💰┃付费频道, Name: 第一剧场, Total: 20, Valid: 7, Valid Percent: 35.00%, IPv4: 20, IPv6: 0, Min Delay: 15 ms, Max Speed: 16.29 M/s, Avg Speed: 4.18 M/s, Max Resolution: 1920x1080
Category: 💰┃付费频道, Name: 风云剧场, Total: 10, Valid: 3, Valid Percent: 30.00%, IPv4: 10, IPv6: 0, Min Delay: 58 ms, Max Speed: 18.46 M/s, Avg Speed: 9.29 M/s, Max Resolution: 1920x1080
Category: 💰┃付费频道, Name: 怀旧剧场, Total: 12, Valid: 5, Valid Percent: 41.67%, IPv4: 12, IPv6: 0, Min Delay: 54 ms, Max Speed: 19.00 M/s, Avg Speed: 7.65 M/s, Max Resolution: 1920x1080
Category: 💰┃付费频道, Name: 女性时尚, Total: 7, Valid: 2, Valid Percent: 28.57%, IPv4: 7, IPv6: 0, Min Delay: 53 ms, Max Speed: 19.33 M/s, Avg Speed: 16.76 M/s, Max Resolution: 1920x1080
Category: 💰┃付费频道, Name: 高尔夫网球, Total: 7, Valid: 3, Valid Percent: 42.86%, IPv4: 7, IPv6: 0, Min Delay: 54 ms, Max Speed: 20.22 M/s, Avg Speed: 16.73 M/s, Max Resolution: 1920x1080
Category: 💰┃付费频道, Name: 世界地理, Total: 8, Valid: 3, Valid Percent: 37.50%, IPv4: 8, IPv6: 0, Min Delay: 421 ms, Max Speed: 11.89 M/s, Avg Speed: 4.01 M/s, Max Resolution: 1920x1080
Category: 🏀┃体育频道, Name: 劲爆体育, Total: 4, Valid: 0, Valid Percent: 0.00%, IPv4: 4, IPv6: 0, Min Delay: -1 ms, Max Speed: 0.00 M/s, Avg Speed: 0.00 M/s, Max Resolution: None
Category: 💰┃付费频道, Name: 风云足球, Total: 12, Valid: 6, Valid Percent: 50.00%, IPv4: 12, IPv6: 0, Min Delay: 196 ms, Max Speed: 13.28 M/s, Avg Speed: 6.49 M/s, Max Resolution: 1920x1080
Category: 💰┃付费频道, Name: 电视指南, Total: 4, Valid: 2, Valid Percent: 50.00%, IPv4: 4, IPv6: 0, Min Delay: 305 ms, Max Speed: 12.07 M/s, Avg Speed: 6.12 M/s, Max Resolution: 1920x1080
Category: 🏀┃体育频道, Name: 天津体育, Total: 1, Valid: 0, Valid Percent: 0.00%, IPv4: 1, IPv6: 0, Min Delay: -1 ms, Max Speed: 0.00 M/s, Avg Speed: 0.00 M/s, Max Resolution: None
Category: 💰┃付费频道, Name: 兵器科技, Total: 7, Valid: 1, Valid Percent: 14.29%, IPv4: 7, IPv6: 0, Min Delay: 334 ms, Max Speed: 13.09 M/s, Avg Speed: 13.09 M/s, Max Resolution: 1920x1080
Category: 🏀┃体育频道, Name: 五星体育, Total: 6, Valid: 1, Valid Percent: 16.67%, IPv4: 6, IPv6: 0, Min Delay: 10585 ms, Max Speed: 0.01 M/s, Avg Speed: 0.01 M/s, Max Resolution: None
Category: 🏀┃体育频道, Name: 辽宁体育, Total: 4, Valid: 2, Valid Percent: 50.00%, IPv4: 4, IPv6: 0, Min Delay: 1700 ms, Max Speed: 0.48 M/s, Avg Speed: 0.24 M/s, Max Resolution: 720x576
Category: 🏀┃体育频道, Name: 山东体育, Total: 4, Valid: 0, Valid Percent: 0.00%, IPv4: 4, IPv6: 0, Min Delay: -1 ms, Max Speed: 0.00 M/s, Avg Speed: 0.00 M/s, Max Resolution: None
Category: 🏀┃体育频道, Name: 安徽综艺体育, Total: 2, Valid: 1, Valid Percent: 50.00%, IPv4: 2, IPv6: 0, Min Delay: 10169 ms, Max Speed: 0.25 M/s, Avg Speed: 0.25 M/s, Max Resolution: 1920x1080
Category: 🏀┃体育频道, Name: 睛彩篮球, Total: 8, Valid: 0, Valid Percent: 0.00%, IPv4: 8, IPv6: 0, Min Delay: -1 ms, Max Speed: 0.00 M/s, Avg Speed: 0.00 M/s, Max Resolution: None
Category: 🏀┃体育频道, Name: 睛彩广场舞, Total: 14, Valid: 5, Valid Percent: 35.71%, IPv4: 14, IPv6: 0, Min Delay: 54 ms, Max Speed: 19.19 M/s, Avg Speed: 4.28 M/s, Max Resolution: 1920x1080
Category: 🏀┃体育频道, Name: 魅力足球, Total: 4, Valid: 0, Valid Percent: 0.00%, IPv4: 4, IPv6: 0, Min Delay: -1 ms, Max Speed: 0.00 M/s, Avg Speed: 0.00 M/s, Max Resolution: None
Category: 🏀┃体育频道, Name: 天元围棋, Total: 2, Valid: 0, Valid Percent: 0.00%, IPv4: 2, IPv6: 0, Min Delay: -1 ms, Max Speed: 0.00 M/s, Avg Speed: 0.00 M/s, Max Resolution: None
Category: 🏀┃体育频道, Name: JJ斗地主, Total: 3, Valid: 1, Valid Percent: 33.33%, IPv4: 3, IPv6: 0, Min Delay: 1180 ms, Max Speed: 0.00 M/s, Avg Speed: 0.00 M/s, Max Resolution: 1920x1080
Category: 📚┃动画频道, Name: CN卡通, Total: 1, Valid: 0, Valid Percent: 0.00%, IPv4: 1, IPv6: 0, Min Delay: -1 ms, Max Speed: 0.00 M/s, Avg Speed: 0.00 M/s, Max Resolution: None
Category: 📚┃动画频道, Name: 爱动漫, Total: 1, Valid: 0, Valid Percent: 0.00%, IPv4: 1, IPv6: 0, Min Delay: -1 ms, Max Speed: 0.00 M/s, Avg Speed: 0.00 M/s, Max Resolution: None
Category: 🏀┃体育频道, Name: 快乐垂钓, Total: 17, Valid: 10, Valid Percent: 58.82%, IPv4: 17, IPv6: 0, Min Delay: 50 ms, Max Speed: 19.13 M/s, Avg Speed: 14.70 M/s, Max Resolution: 1920x1080
Category: 📚┃动画频道, Name: 少儿动画, Total: 10, Valid: 0, Valid Percent: 0.00%, IPv4: 10, IPv6: 0, Min Delay: -1 ms, Max Speed: 0.00 M/s, Avg Speed: 0.00 M/s, Max Resolution: None
Category: 📚┃动画频道, Name: 新动漫, Total: 11, Valid: 8, Valid Percent: 72.73%, IPv4: 11, IPv6: 0, Min Delay: 52 ms, Max Speed: 20.23 M/s, Avg Speed: 16.94 M/s, Max Resolution: 1920x1080
Category: 📚┃动画频道, Name: 优漫卡通, Total: 15, Valid: 8, Valid Percent: 53.33%, IPv4: 15, IPv6: 0, Min Delay: 32 ms, Max Speed: 34.89 M/s, Avg Speed: 21.34 M/s, Max Resolution: 1920x1080
Category: 📚┃动画频道, Name: 中华小当家, Total: 1, Valid: 0, Valid Percent: 0.00%, IPv4: 1, IPv6: 0, Min Delay: -1 ms, Max Speed: 0.00 M/s, Avg Speed: 0.00 M/s, Max Resolution: None
Category: 📚┃动画频道, Name: 金鹰卡通, Total: 35, Valid: 6, Valid Percent: 17.14%, IPv4: 35, IPv6: 0, Min Delay: 475 ms, Max Speed: 0.96 M/s, Avg Speed: 0.36 M/s, Max Resolution: 1920x1080
Category: 📚┃动画频道, Name: 河北少儿科教, Total: 2, Valid: 0, Valid Percent: 0.00%, IPv4: 2, IPv6: 0, Min Delay: -1 ms, Max Speed: 0.00 M/s, Avg Speed: 0.00 M/s, Max Resolution: None
Category: 🎵┃音乐频道, Name: 音乐现场, Total: 2, Valid: 2, Valid Percent: 100.00%, IPv4: 2, IPv6: 0, Min Delay: 14 ms, Max Speed: 6.27 M/s, Avg Speed: 5.97 M/s, Max Resolution: None
Category: 📚┃动画频道, Name: 七龙珠, Total: 4, Valid: 0, Valid Percent: 0.00%, IPv4: 4, IPv6: 0, Min Delay: -1 ms, Max Speed: 0.00 M/s, Avg Speed: 0.00 M/s, Max Resolution: None
Category: 📚┃动画频道, Name: 火影忍者, Total: 3, Valid: 0, Valid Percent: 0.00%, IPv4: 3, IPv6: 0, Min Delay: -1 ms, Max Speed: 0.00 M/s, Avg Speed: 0.00 M/s, Max Resolution: None
Category: 🏛┃经典剧场, Name: 笑傲江湖, Total: 4, Valid: 0, Valid Percent: 0.00%, IPv4: 4, IPv6: 0, Min Delay: -1 ms, Max Speed: 0.00 M/s, Avg Speed: 0.00 M/s, Max Resolution: None
Category: 📚┃动画频道, Name: 海绵宝宝, Total: 2, Valid: 0, Valid Percent: 0.00%, IPv4: 2, IPv6: 0, Min Delay: -1 ms, Max Speed: 0.00 M/s, Avg Speed: 0.00 M/s, Max Resolution: None
Category: 🏛┃经典剧场, Name: 天龙八部, Total: 6, Valid: 0, Valid Percent: 0.00%, IPv4: 6, IPv6: 0, Min Delay: -1 ms, Max Speed: 0.00 M/s, Avg Speed: 0.00 M/s, Max Resolution: None
Category: 📚┃动画频道, Name: 猫和老鼠, Total: 2, Valid: 0, Valid Percent: 0.00%, IPv4: 2, IPv6: 0, Min Delay: -1 ms, Max Speed: 0.00 M/s, Avg Speed: 0.00 M/s, Max Resolution: None
Category: 🏛┃经典剧场, Name: 三国演义, Total: 1, Valid: 0, Valid Percent: 0.00%, IPv4: 1, IPv6: 0, Min Delay: -1 ms, Max Speed: 0.00 M/s, Avg Speed: 0.00 M/s, Max Resolution: None
Category: 🏛┃经典剧场, Name: 仙剑奇侠传, Total: 2, Valid: 0, Valid Percent: 0.00%, IPv4: 2, IPv6: 0, Min Delay: -1 ms, Max Speed: 0.00 M/s, Avg Speed: 0.00 M/s, Max Resolution: 1920x1080
Category: 🏛┃经典剧场, Name: 水浒传, Total: 2, Valid: 0, Valid Percent: 0.00%, IPv4: 2, IPv6: 0, Min Delay: -1 ms, Max Speed: 0.00 M/s, Avg Speed: 0.00 M/s, Max Resolution: None
Category: 🏛┃经典剧场, Name: 新白娘子传奇, Total: 2, Valid: 0, Valid Percent: 0.00%, IPv4: 2, IPv6: 0, Min Delay: -1 ms, Max Speed: 0.00 M/s, Avg Speed: 0.00 M/s, Max Resolution: None
Category: 🏛┃经典剧场, Name: 济公游记, Total: 1, Valid: 0, Valid Percent: 0.00%, IPv4: 1, IPv6: 0, Min Delay: -1 ms, Max Speed: 0.00 M/s, Avg Speed: 0.00 M/s, Max Resolution: None
Category: 📚┃动画频道, Name: 蜡笔小新, Total: 3, Valid: 1, Valid Percent: 33.33%, IPv4: 3, IPv6: 0, Min Delay: 1215 ms, Max Speed: 0.00 M/s, Avg Speed: 0.00 M/s, Max Resolution: 1920x1080
Category: 🎵┃音乐频道, Name: 潮流音乐, Total: 1, Valid: 1, Valid Percent: 100.00%, IPv4: 1, IPv6: 0, Min Delay: 10581 ms, Max Speed: 0.01 M/s, Avg Speed: 0.01 M/s, Max Resolution: None
Category: 🏛┃经典剧场, Name: 射雕英雄传, Total: 1, Valid: 0, Valid Percent: 0.00%, IPv4: 1, IPv6: 0, Min Delay: -1 ms, Max Speed: 0.00 M/s, Avg Speed: 0.00 M/s, Max Resolution: None
Category: 🏛┃经典剧场, Name: 上海滩, Total: 1, Valid: 0, Valid Percent: 0.00%, IPv4: 1, IPv6: 0, Min Delay: -1 ms, Max Speed: 0.00 M/s, Avg Speed: 0.00 M/s, Max Resolution: None
Category: 🏛┃经典剧场, Name: 封神榜, Total: 5, Valid: 0, Valid Percent: 0.00%, IPv4: 5, IPv6: 0, Min Delay: -1 ms, Max Speed: 0.00 M/s, Avg Speed: 0.00 M/s, Max Resolution: None
Category: 🏛┃经典剧场, Name: 鹿鼎记, Total: 5, Valid: 1, Valid Percent: 20.00%, IPv4: 5, IPv6: 0, Min Delay: 52 ms, Max Speed: 10.18 M/s, Avg Speed: 10.18 M/s, Max Resolution: 1920x1080
Category: 🏛┃经典剧场, Name: 西游记, Total: 3, Valid: 0, Valid Percent: 0.00%, IPv4: 3, IPv6: 0, Min Delay: -1 ms, Max Speed: 0.00 M/s, Avg Speed: 0.00 M/s, Max Resolution: None
Category: 🏛┃经典剧场, Name: 闯关东, Total: 2, Valid: 0, Valid Percent: 0.00%, IPv4: 2, IPv6: 0, Min Delay: -1 ms, Max Speed: 0.00 M/s, Avg Speed: 0.00 M/s, Max Resolution: None
